<?xml version="1.0" encoding="UTF-8"?>
<!-- Generated by org.testng.reporters.JUnitXMLReporter -->
<testsuite ignored="0" hostname="DESKTOP-268PN8R" failures="0" tests="7" name="Module Personnel View OLX_T152" time="86.457" errors="0" timestamp="2023-09-11T13:42:45 IST">
  <testcase classname="com.olp.p_view.OLP_R1_OLX_T152" name="TC01_NavigateToAdvanceSearch" time="1.755"/>
  <testcase classname="com.olp.p_view.OLP_R1_OLX_T152" name="TC02_NavigateToPersonnelPoolManila" time="12.902"/>
  <testcase classname="com.olp.p_view.OLP_R1_OLX_T152" name="TC03_ValidatePersonnelPoolManila" time="8.766"/>
  <testcase classname="com.olp.p_view.OLP_R1_OLX_T152" name="TC04_NavigateToPersonnelPoolGermany" time="12.798"/>
  <testcase classname="com.olp.p_view.OLP_R1_OLX_T152" name="TC05_ValidatePersonnelPoolGermany" time="8.916"/>
  <testcase classname="com.olp.p_view.OLP_R1_OLX_T152" name="TC06_NavigateToPersonnelPoolOBLviewer" time="22.02"/>
  <testcase classname="com.olp.p_view.OLP_R1_OLX_T152" name="TC07_ValidatePersonnelPoolEmptyResult" time="3.13"/>
</testsuite> <!-- Module Personnel View OLX_T152 -->
