<?xml version="1.0" encoding="UTF-8"?>
<!-- Generated by org.testng.reporters.JUnitXMLReporter -->
<testsuite ignored="0" hostname="DESKTOP-268PN8R" failures="0" tests="28" name="Module Status" time="460.851" errors="0" timestamp="2023-09-12T22:16:49 IST">
  <testcase classname="com.olp.status.OLP_R1_OLX_T481" name="tc01_NavigateToPersonalcard" time="9.298"/>
  <testcase classname="com.olp.status.OLP_R1_OLX_T481" name="tc02_navigateToStatusUnderProfile" time="3.004"/>
  <testcase classname="com.olp.status.OLP_R1_OLX_T483" name="tc01_Personalcard" time="9.18"/>
  <testcase classname="com.olp.status.OLP_R1_OLX_T483" name="tc02_LoginToAssessor" time="56.918"/>
  <testcase classname="com.olp.status.OLP_R1_OLX_T483" name="tc03_NavigateToProfile" time="3.319"/>
  <testcase classname="com.olp.status.OLP_R1_OLX_T483" name="tc04_NavigateToStatusUnderProfile" time="3.056"/>
  <testcase classname="com.olp.status.OLP_R1_OLX_T490_2" name="tc01_PersonalcardForSpecialUser" time="8.851"/>
  <testcase classname="com.olp.status.OLP_R1_OLX_T490_2" name="tc02_NavigateToStatusUnderProfileForSpecialUser" time="3.379"/>
  <testcase classname="com.olp.status.OLP_R1_OLX_T490_2" name="tc03_LoginToAssessor" time="55.394"/>
  <testcase classname="com.olp.status.OLP_R1_OLX_T490_2" name="tc04_NavigateTopersonalcardForAssesor" time="3.271"/>
  <testcase classname="com.olp.status.OLP_R1_OLX_T490_2" name="tc05_NavigateToStatusUnderProfileForAssesor" time="2.983"/>
  <testcase classname="com.olp.status.OLP_R1_OLX_T496_7" name="tc01_Personalcardwhennoproficienciesapprovedatall" time="12.67"/>
  <testcase classname="com.olp.status.OLP_R1_OLX_T496_7" name="tc02_NavigateToApprovedStatusUnderProfile" time="3.434"/>
  <testcase classname="com.olp.status.OLP_R1_OLX_T496_7" name="tc03_LoginToAssessor" time="55.627"/>
  <testcase classname="com.olp.status.OLP_R1_OLX_T496_7" name="tc04_personalcardOfTraineewhennoproficienciesRequiredatall" time="5.599"/>
  <testcase classname="com.olp.status.OLP_R1_OLX_T496_7" name="tc05_NavigateToRequiredStatusUnderProfile" time="3.068"/>
  <testcase classname="com.olp.status.OLP_R1_OLX_T498" name="tc01_navigateToParticularUserWhichCRis100Percentage" time="7.759"/>
  <testcase classname="com.olp.status.OLP_R1_OLX_T498" name="tc02_navigateToPersonalCardWhereCompletionRateCircleIs100Percentage" time="4.974"/>
  <testcase classname="com.olp.status.OLP_R1_OLX_T498" name="tc03_NavigateToStatusUnderProfile" time="3.016"/>
  <testcase classname="com.olp.status.OLP_R1_OLX_T498" name="tc04_NavigateToCompletionRateCircle" time="1.469"/>
  <testcase classname="com.olp.status.OLP_R1_OLX_T500" name="tc01_PersonalcardForSpecialUser" time="6.844"/>
  <testcase classname="com.olp.status.OLP_R1_OLX_T500" name="tc02_NavigateToScheduleButton" time="3.014"/>
  <testcase classname="com.olp.status.OLP_R1_OLX_T500" name="tc03_NavigateToProgressBarWhenCompletedIs0of3" time="2.428"/>
  <testcase classname="com.olp.status.OLP_R1_OLX_T500" name="tc04_NavigateToProgressBarWhenCompletedIs1of3" time="3.009"/>
  <testcase classname="com.olp.status.OLP_R1_OLX_T500" name="tc05_NavigateToProgressBarWhenCompletedIs1of1" time="2.975"/>
  <testcase classname="com.olp.status.OLP_R1_OLX_T509" name="tc01_personalcard" time="9.426"/>
  <testcase classname="com.olp.status.OLP_R1_OLX_T509" name="tc02_navigateToStatusUnderProfile" time="5.087"/>
  <testcase classname="com.olp.status.OLP_R1_OLX_T509" name="tc03_NavigateToRequirementUnderColumnGrid" time="3.648"/>
</testsuite> <!-- Module Status -->
