<?xml version="1.0" encoding="UTF-8"?>
<!-- Generated by org.testng.reporters.JUnitXMLReporter -->
<testsuite ignored="0" hostname="DESKTOP-268PN8R" failures="0" tests="8" name="Module Personnel View OLX_T90" time="96.37" errors="0" timestamp="2023-09-11T13:44:21 IST">
  <testcase classname="com.olp.p_view.OLP_R1_OLX_T90" name="TC01_ExpandAdvanceSearch" time="5.677"/>
  <testcase classname="com.olp.p_view.OLP_R1_OLX_T90" name="TC02_SearchMaster" time="10.075"/>
  <testcase classname="com.olp.p_view.OLP_R1_OLX_T90" name="TC03_ValidatePersonnelRanksAreMaster" time="5.476"/>
  <testcase classname="com.olp.p_view.OLP_R1_OLX_T90" name="TC04_SearchRankA" time="10.208"/>
  <testcase classname="com.olp.p_view.OLP_R1_OLX_T90" name="TC05_ValidatePersonnelRanksAreRankA" time="4.29"/>
  <testcase classname="com.olp.p_view.OLP_R1_OLX_T90" name="TC06_SearchMZ_lower_2_Rank" time="12.348"/>
  <testcase classname="com.olp.p_view.OLP_R1_OLX_T90" name="TC07_SearchChiefOfficerAndChiefEngineerRank" time="14.798"/>
  <testcase classname="com.olp.p_view.OLP_R1_OLX_T90" name="TC08_SearchChiefOfficer_ChiefEngineer_Chief_Cook_Rank" time="16.28"/>
</testsuite> <!-- Module Personnel View OLX_T90 -->
