# JRE version: Java(TM) SE Runtime Environment (17.0.7+8) (build 17.0.7+8-LTS-224)
# Java VM: Java HotSpot(TM) 64-Bit Server VM (17.0.7+8-LTS-224, mixed mode, sharing, tiered, compressed oops, compressed class ptrs, g1 gc, windows-amd64)
GC Precious Log:
 CPUs: 8 total, 8 available
 Memory: 20325M
 Large Page Support: Disabled
 NUMA Support: Disabled
 Compressed Oops: Enabled (Zero based)
 Heap Region Size: 4M
 Heap Min Capacity: 8M
 Heap Initial Capacity: 320M
 Heap Max Capacity: 5084M
 Pre-touch: Disabled
 Parallel Workers: 8
 Concurrent Workers: 2
 Concurrent Refinement Workers: 8
 Periodic GC: Disabled
Heap:
 garbage-first heap   total 69632K, used 28064K [0x00000006c2400000, 0x0000000800000000)
  region size 4096K, 1 young (4096K), 1 survivors (4096K)
 Metaspace       used 35988K, committed 36288K, reserved 1081344K
  class space    used 4397K, committed 4544K, reserved 1048576K
GC Heap History (20 events):
Event: 1.951 GC heap after
{Heap after GC invocations=3 (full 0):
 garbage-first heap   total 327680K, used 14180K [0x00000006c2400000, 0x0000000800000000)
  region size 4096K, 2 young (8192K), 2 survivors (8192K)
 Metaspace       used 19709K, committed 20032K, reserved 1073152K
  class space    used 2335K, committed 2496K, reserved 1048576K
}
Event: 2.024 GC heap before
{Heap before GC invocations=3 (full 0):
 garbage-first heap   total 327680K, used 18276K [0x00000006c2400000, 0x0000000800000000)
  region size 4096K, 4 young (16384K), 2 survivors (8192K)
 Metaspace       used 21242K, committed 21504K, reserved 1073152K
  class space    used 2517K, committed 2688K, reserved 1048576K
}
Event: 2.027 GC heap after
{Heap after GC invocations=4 (full 0):
 garbage-first heap   total 327680K, used 14899K [0x00000006c2400000, 0x0000000800000000)
  region size 4096K, 2 young (8192K), 2 survivors (8192K)
 Metaspace       used 21242K, committed 21504K, reserved 1073152K
  class space    used 2517K, committed 2688K, reserved 1048576K
}
Event: 7.106 GC heap before
{Heap before GC invocations=5 (full 0):
 garbage-first heap   total 69632K, used 47667K [0x00000006c2400000, 0x0000000800000000)
  region size 4096K, 9 young (36864K), 2 survivors (8192K)
 Metaspace       used 27124K, committed 27392K, reserved 1073152K
  class space    used 3375K, committed 3520K, reserved 1048576K
}
Event: 7.113 GC heap after
{Heap after GC invocations=6 (full 0):
 garbage-first heap   total 69632K, used 24999K [0x00000006c2400000, 0x0000000800000000)
  region size 4096K, 1 young (4096K), 1 survivors (4096K)
 Metaspace       used 27124K, committed 27392K, reserved 1073152K
  class space    used 3375K, committed 3520K, reserved 1048576K
}
Event: 27.702 GC heap before
{Heap before GC invocations=6 (full 0):
 garbage-first heap   total 69632K, used 24999K [0x00000006c2400000, 0x0000000800000000)
  region size 4096K, 2 young (8192K), 1 survivors (4096K)
 Metaspace       used 27439K, committed 27776K, reserved 1073152K
  class space    used 3397K, committed 3584K, reserved 1048576K
}
Event: 27.709 GC heap after
{Heap after GC invocations=7 (full 0):
 garbage-first heap   total 69632K, used 25257K [0x00000006c2400000, 0x0000000800000000)
  region size 4096K, 1 young (4096K), 1 survivors (4096K)
 Metaspace       used 27439K, committed 27776K, reserved 1073152K
  class space    used 3397K, committed 3584K, reserved 1048576K
}
Event: 34.024 GC heap before
{Heap before GC invocations=7 (full 0):
 garbage-first heap   total 69632K, used 45737K [0x00000006c2400000, 0x0000000800000000)
  region size 4096K, 6 young (24576K), 1 survivors (4096K)
 Metaspace       used 27787K, committed 28160K, reserved 1081344K
  class space    used 3416K, committed 3584K, reserved 1048576K
}
Event: 34.029 GC heap after
{Heap after GC invocations=8 (full 0):
 garbage-first heap   total 69632K, used 25993K [0x00000006c2400000, 0x0000000800000000)
  region size 4096K, 1 young (4096K), 1 survivors (4096K)
 Metaspace       used 27787K, committed 28160K, reserved 1081344K
  class space    used 3416K, committed 3584K, reserved 1048576K
}
Event: 36.952 GC heap before
{Heap before GC invocations=8 (full 0):
 garbage-first heap   total 69632K, used 42377K [0x00000006c2400000, 0x0000000800000000)
  region size 4096K, 5 young (20480K), 1 survivors (4096K)
 Metaspace       used 27881K, committed 28224K, reserved 1081344K
  class space    used 3416K, committed 3584K, reserved 1048576K
}
Event: 36.955 GC heap after
{Heap after GC invocations=9 (full 0):
 garbage-first heap   total 69632K, used 25572K [0x00000006c2400000, 0x0000000800000000)
  region size 4096K, 1 young (4096K), 1 survivors (4096K)
 Metaspace       used 27881K, committed 28224K, reserved 1081344K
  class space    used 3416K, committed 3584K, reserved 1048576K
}
Event: 39.399 GC heap before
{Heap before GC invocations=9 (full 0):
 garbage-first heap   total 69632K, used 41956K [0x00000006c2400000, 0x0000000800000000)
  region size 4096K, 6 young (24576K), 1 survivors (4096K)
 Metaspace       used 30051K, committed 30400K, reserved 1081344K
  class space    used 3643K, committed 3840K, reserved 1048576K
}
Event: 39.403 GC heap after
{Heap after GC invocations=10 (full 0):
 garbage-first heap   total 69632K, used 25958K [0x00000006c2400000, 0x0000000800000000)
  region size 4096K, 1 young (4096K), 1 survivors (4096K)
 Metaspace       used 30051K, committed 30400K, reserved 1081344K
  class space    used 3643K, committed 3840K, reserved 1048576K
}
Event: 39.782 GC heap before
{Heap before GC invocations=10 (full 0):
 garbage-first heap   total 69632K, used 46438K [0x00000006c2400000, 0x0000000800000000)
  region size 4096K, 6 young (24576K), 1 survivors (4096K)
 Metaspace       used 32263K, committed 32640K, reserved 1081344K
  class space    used 3929K, committed 4096K, reserved 1048576K
}
Event: 39.786 GC heap after
{Heap after GC invocations=11 (full 0):
 garbage-first heap   total 69632K, used 26204K [0x00000006c2400000, 0x0000000800000000)
  region size 4096K, 1 young (4096K), 1 survivors (4096K)
 Metaspace       used 32263K, committed 32640K, reserved 1081344K
  class space    used 3929K, committed 4096K, reserved 1048576K
}
Event: 39.809 GC heap before
{Heap before GC invocations=11 (full 0):
 garbage-first heap   total 69632K, used 46684K [0x00000006c2400000, 0x0000000800000000)
  region size 4096K, 6 young (24576K), 1 survivors (4096K)
 Metaspace       used 32263K, committed 32640K, reserved 1081344K
  class space    used 3929K, committed 4096K, reserved 1048576K
}
Event: 39.813 GC heap after
{Heap after GC invocations=12 (full 0):
 garbage-first heap   total 69632K, used 26839K [0x00000006c2400000, 0x0000000800000000)
  region size 4096K, 1 young (4096K), 1 survivors (4096K)
 Metaspace       used 32263K, committed 32640K, reserved 1081344K
  class space    used 3929K, committed 4096K, reserved 1048576K
}
Event: 40.269 GC heap before
{Heap before GC invocations=12 (full 0):
 garbage-first heap   total 69632K, used 43223K [0x00000006c2400000, 0x0000000800000000)
  region size 4096K, 6 young (24576K), 1 survivors (4096K)
 Metaspace       used 34727K, committed 35072K, reserved 1081344K
  class space    used 4263K, committed 4416K, reserved 1048576K
}
Event: 40.274 GC heap after
{Heap after GC invocations=13 (full 0):
 garbage-first heap   total 69632K, used 27734K [0x00000006c2400000, 0x0000000800000000)
  region size 4096K, 1 young (4096K), 1 survivors (4096K)
 Metaspace       used 34727K, committed 35072K, reserved 1081344K
  class space    used 4263K, committed 4416K, reserved 1048576K
}
Event: 41.157 GC heap before
{Heap before GC invocations=13 (full 0):
 garbage-first heap   total 69632K, used 40022K [0x00000006c2400000, 0x0000000800000000)
  region size 4096K, 6 young (24576K), 1 survivors (4096K)
 Metaspace       used 35988K, committed 36288K, reserved 1081344K
  class space    used 4397K, committed 4544K, reserved 1048576K
}

