<?xml version="1.0" encoding="UTF-8"?>
<!-- Generated by org.testng.reporters.JUnitXMLReporter -->
<testsuite ignored="0" hostname="DESKTOP-268PN8R" failures="0" tests="15" name="PC_Reset Password" time="101.789" errors="0" timestamp="2023-10-11T18:32:48 IST">
  <testcase classname="com.olp.p_card.OLP_R2_OLX_T85_86_1139GCCDOBEnable" name="TC01_navigateToPersonalCard" time="5.603"/>
  <testcase classname="com.olp.p_card.OLP_R2_OLX_T85_86_1139GCCDOBEnable" name="TC02_navigateToResetPassword" time="1.168"/>
  <testcase classname="com.olp.p_card.OLP_R2_OLX_T85_86_1139GCCDOBEnable" name="TC03_ValidateBlankErrorNewPassword" time="0.795"/>
  <testcase classname="com.olp.p_card.OLP_R2_OLX_T85_86_1139GCCDOBEnable" name="TC04_ValidateBlankErrorReTypeNewPassword" time="0.618"/>
  <testcase classname="com.olp.p_card.OLP_R2_OLX_T85_86_1139GCCDOBEnable" name="TC05_ValidateCancelButton" time="0.681"/>
  <testcase classname="com.olp.p_card.OLP_R2_OLX_T85_86_1139GCCDOBEnable" name="TC06_ValidateDOBPasswordAlert" time="3.748"/>
  <testcase classname="com.olp.p_card.OLP_R2_OLX_T85_86_1139GCCDOBEnable" name="TC07_ValidateRandomDatePasswordAlert" time="3.765"/>
  <testcase classname="com.olp.p_card.OLP_R2_OLX_T85_86_1139GCCDOBEnable" name="TC08_NavigateToTraineePersonalCard" time="15.387"/>
  <testcase classname="com.olp.p_card.OLP_R2_OLX_T149_1289GCCDOBDisable" name="TC01_navigateToPersonalCard" time="5.771"/>
  <testcase classname="com.olp.p_card.OLP_R2_OLX_T149_1289GCCDOBDisable" name="TC02_navigateToResetPassword" time="0.876"/>
  <testcase classname="com.olp.p_card.OLP_R2_OLX_T149_1289GCCDOBDisable" name="TC03_ValidateNewPasswordAcceptsMax50Char" time="0.869"/>
  <testcase classname="com.olp.p_card.OLP_R2_OLX_T149_1289GCCDOBDisable" name="TC04_ValidateReTypeNewPasswordAcceptsMax50Char" time="0.821"/>
  <testcase classname="com.olp.p_card.OLP_R2_OLX_T149_1289GCCDOBDisable" name="TC05_ValidateSaveSamePassword" time="4.338"/>
  <testcase classname="com.olp.p_card.OLP_R2_OLX_T149_1289GCCDOBDisable" name="TC06_ValidateDifferentPassword" time="6.53"/>
  <testcase classname="com.olp.p_card.OLP_R2_OLX_T149_1289GCCDOBDisable" name="TC07_NavigateToLoginAsTrainee" time="10.675"/>
</testsuite> <!-- PC_Reset Password -->
