<?xml version="1.0" encoding="UTF-8"?>
<!-- Generated by org.testng.reporters.JUnitXMLReporter -->
<testsuite ignored="0" hostname="DESKTOP-268PN8R" failures="0" tests="28" name="PC_Security Access To Others PC Edit Enable" time="403.905" errors="0" timestamp="2023-10-11T18:39:57 IST">
  <testcase classname="com.olp.p_card.OLP_R2_OLX_T109PCardEditEnable" name="TC01_navigateToPersonalCardTrainee" time="13.127"/>
  <testcase classname="com.olp.p_card.OLP_R2_OLX_T109PCardEditEnable" name="TC02_ValidateExternalIDLabelTrainee" time="0.753"/>
  <testcase classname="com.olp.p_card.OLP_R2_OLX_T109PCardEditEnable" name="TC03_navigateToPersonalCardAssessor" time="8.986"/>
  <testcase classname="com.olp.p_card.OLP_R2_OLX_T109PCardEditEnable" name="TC04_ValidateExternalIDLabelAssessor" time="0.626"/>
  <testcase classname="com.olp.p_card.OLP_R2_OLX_T114PCardEditEnable" name="TC01_navigateToPersonalCard" time="7.694"/>
  <testcase classname="com.olp.p_card.OLP_R2_OLX_T114PCardEditEnable" name="TC02_ValidateFirstAndSurNameEditable" time="0.691"/>
  <testcase classname="com.olp.p_card.OLP_R2_OLX_T122PCardEditEnable" name="TC01_navigateToPersonalCard" time="7.644"/>
  <testcase classname="com.olp.p_card.OLP_R2_OLX_T122PCardEditEnable" name="TC02_ValidateGenderEditable" time="0.717"/>
  <testcase classname="com.olp.p_card.OLP_R2_OLX_T126PCardEditEnable" name="TC01_navigateToPersonalCard" time="8.622"/>
  <testcase classname="com.olp.p_card.OLP_R2_OLX_T126PCardEditEnable" name="TC02_ValidateNationalityEditable" time="0.468"/>
  <testcase classname="com.olp.p_card.OLP_R2_OLX_T130PCardEditEnable" name="TC01_navigateToPersonalCard" time="7.421"/>
  <testcase classname="com.olp.p_card.OLP_R2_OLX_T130PCardEditEnable" name="TC02_ValidatePOBEditable" time="0.468"/>
  <testcase classname="com.olp.p_card.OLP_R2_OLX_T136PCardEditEnable" name="TC01_navigateToPersonalCard" time="7.801"/>
  <testcase classname="com.olp.p_card.OLP_R2_OLX_T136PCardEditEnable" name="TC02_ValidateDocumentNumberEditable" time="0.671"/>
  <testcase classname="com.olp.p_card.OLP_R2_OLX_T142PCardEditEnable" name="TC01_navigateToPersonalCard" time="7.687"/>
  <testcase classname="com.olp.p_card.OLP_R2_OLX_T142PCardEditEnable" name="TC02_ValidateManagedByNeverEditable" time="0.485"/>
  <testcase classname="com.olp.p_card.OLP_R2_OLX_T159PCardEditEnable" name="TC01_navigateToPersonalCard" time="7.407"/>
  <testcase classname="com.olp.p_card.OLP_R2_OLX_T159PCardEditEnable" name="TC02_ValidateAutoScheduleStartEditable" time="0.901"/>
  <testcase classname="com.olp.p_card.OLP_R2_OLX_T164PCardEditEnable" name="TC01_navigateToPersonalCard" time="7.163"/>
  <testcase classname="com.olp.p_card.OLP_R2_OLX_T164PCardEditEnable" name="TC02_ValidatePersonnelPoolEditable" time="0.459"/>
  <testcase classname="com.olp.p_card.OLP_R2_OLX_T168PCardEditEnable" name="TC01_navigateToPersonalCard" time="7.616"/>
  <testcase classname="com.olp.p_card.OLP_R2_OLX_T168PCardEditEnable" name="TC02_ValidateRankComboEditable" time="0.653"/>
  <testcase classname="com.olp.p_card.OLP_R2_OLX_T174PCardEditEnable" name="TC01_navigateToPersonalCard" time="7.867"/>
  <testcase classname="com.olp.p_card.OLP_R2_OLX_T174PCardEditEnable" name="TC02_ValidateInstallationTypeComboEditable" time="0.653"/>
  <testcase classname="com.olp.p_card.OLP_R2_OLX_T182PCardEditEnable" name="TC01_navigateToPersonalCard" time="7.865"/>
  <testcase classname="com.olp.p_card.OLP_R2_OLX_T182PCardEditEnable" name="TC02_ValidateDefaultInstallationComboEditable" time="0.515"/>
  <testcase classname="com.olp.p_card.OLP_R2_OLX_T294PCardEditEnable" name="TC01_navigateToPersonalCard" time="7.607"/>
  <testcase classname="com.olp.p_card.OLP_R2_OLX_T294PCardEditEnable" name="TC02_ValidateE_mailAddressEditable" time="0.778"/>
</testsuite> <!-- PC_Security Access To Others PC Edit Enable -->
