<?xml version="1.0" encoding="UTF-8"?>
<!-- Generated by org.testng.reporters.JUnitXMLReporter -->
<testsuite ignored="0" hostname="Ashish" failures="0" tests="7" name="Default test" time="50.34" errors="0" timestamp="2024-05-22T12:53:03 IST">
  <testcase classname="t2s3.T2S3_OAP1797" name="TC01_LunchAssessmentPlatform" time="5.61"/>
  <testcase classname="t2s3.T2S3_OAP1797" name="TC02_NavigateToQuestionBankPage" time="6.871"/>
  <testcase classname="t2s3.T2S3_OAP1797" name="TC03_NavigateToNewQuestionBankPage" time="6.894"/>
  <testcase classname="t2s3.T2S3_OAP1797" name="TC04_NavigateToAddMCQPage" time="1.177"/>
  <testcase classname="t2s3.T2S3_OAP1797" name="TC05_ValidateAddAlternativeQuestionDisabled" time="7.242"/>
  <testcase classname="t2s3.T2S3_OAP1797" name="TC06_VadlidatePublishMCQ" time="4.847"/>
  <testcase classname="t2s3.T2S3_OAP1797" name="TC07_NavigateToEditQuestion" time="5.658"/>
</testsuite> <!-- Default test -->
