<?xml version="1.0" encoding="UTF-8"?>
<!-- Generated by org.testng.reporters.JUnitXMLReporter -->
<testsuite ignored="0" hostname="Arun" failures="0" tests="3" name="SP96_CMP14192" time="25.746" errors="0" timestamp="2023-05-05T09:40:25 IST">
  <testcase classname="com.compass.testcases.SP96_CMP14192" name="TC_01_loginToStage" time="4.625"/>
  <testcase classname="com.compass.testcases.SP96_CMP14192" name="TC_02_VerifyNavigationtoleavebalance" time="10.696"/>
  <testcase classname="com.compass.testcases.SP96_CMP14192" name="TC_03_GetLeavebalance" time="8.898"/>
</testsuite> <!-- SP96_CMP14192 -->
