<?xml version="1.0" encoding="UTF-8"?>
<!-- Generated by org.testng.reporters.JUnitXMLReporter -->
<testsuite ignored="0" hostname="Arun" failures="0" tests="6" name="SP96_CMP15556" time="65.77" errors="0" timestamp="2023-04-21T13:35:56 IST">
  <testcase classname="com.compass.testcases.SP96_CMP15556" name="TC_01_LoginToStage" time="6.128"/>
  <testcase classname="com.compass.testcases.SP96_CMP15556" name="TC_02_CrewReportIsDisplayed" time="7.659"/>
  <testcase classname="com.compass.testcases.SP96_CMP15556" name="TC_03_verifyNavigatingToCustomReportWRHOTReports" time="51.675"/>
  <testcase classname="com.compass.testcases.SP96_CMP15556" name="TC_04_verifyRecords" time="0.02"/>
  <testcase classname="com.compass.testcases.SP96_CMP15556" name="TC_05_verifyExcelDownload" time="0.015"/>
  <testcase classname="com.compass.testcases.SP96_CMP15556" name="TC_06_verifyPdfReportDownload" time="0.029"/>
</testsuite> <!-- SP96_CMP15556 -->
