<?xml version="1.0" encoding="UTF-8"?>
<!-- Generated by org.testng.reporters.JUnitXMLReporter -->
<testsuite ignored="0" hostname="Arun" failures="0" tests="3" name="SP96_CMP15607" time="125.234" errors="0" timestamp="2023-04-21T13:34:50 IST">
  <testcase classname="com.compass.testcases.SP96_CMP15607" name="loginToOnboarding" time="29.862"/>
  <testcase classname="com.compass.testcases.SP96_CMP15607" name="TC_02_navigateToCrewprofile" time="85.213"/>
  <testcase classname="com.compass.testcases.SP96_CMP15607" name="TC_03_uploadDocumentArchivix" time="9.961"/>
</testsuite> <!-- SP96_CMP15607 -->
