<?xml version="1.0" encoding="UTF-8"?>
<!-- Generated by org.testng.reporters.JUnitXMLReporter -->
<testsuite ignored="0" hostname="Arun" failures="0" tests="4" name="SP96_CMP15214" time="86.119" errors="0" timestamp="2023-05-05T09:38:39 IST">
  <testcase classname="com.compass.testcases.SP96_CMP15214" name="TC01_loginToStage" time="7.032"/>
  <testcase classname="com.compass.testcases.SP96_CMP15214" name="TC_02_VerifyNavigationtoBudgetDetail" time="17.869"/>
  <testcase classname="com.compass.testcases.SP96_CMP15214" name="TC03_NavigationtoOccurencePage" time="55.187"/>
  <testcase classname="com.compass.testcases.SP96_CMP15214" name="TC04_CapturetheiconsEditandDeleteatrightside" time="0.029"/>
</testsuite> <!-- SP96_CMP15214 -->
