<?xml version="1.0" encoding="UTF-8"?>
<!-- Generated by org.testng.reporters.JUnitXMLReporter -->
<testsuite ignored="0" hostname="Arun" failures="0" tests="4" name="SP96_CMP15828" time="24.95" errors="0" timestamp="2023-05-05T09:39:35 IST">
  <testcase classname="com.compass.testcases.SP96_CMP15828" name="TC01_loginToStage" time="4.324"/>
  <testcase classname="com.compass.testcases.SP96_CMP15828" name="TC_02_VerifyNavigationtoSickleaveReport" time="16.054"/>
  <testcase classname="com.compass.testcases.SP96_CMP15828" name="TC_03_Getsickleavereport" time="2.727"/>
  <testcase classname="com.compass.testcases.SP96_CMP15828" name="TC_04_GetTotalworkdays" time="0.327"/>
</testsuite> <!-- SP96_CMP15828 -->
