<?xml version="1.0" encoding="UTF-8"?>
<!-- Generated by org.testng.reporters.JUnitXMLReporter -->
<testsuite ignored="0" hostname="Arun" failures="0" tests="6" name="SP96_CMP13180" time="33.798" errors="0" timestamp="2023-05-05T09:44:30 IST">
  <testcase classname="com.compass.testcases.SP96_CMP13180" name="TC01_loginToStage" time="6.087"/>
  <testcase classname="com.compass.testcases.SP96_CMP13180" name="TC_02_verifyDanishFlagInVessel" time="13.308"/>
  <testcase classname="com.compass.testcases.SP96_CMP13180" name="TC_03_verifyPaidMovement" time="5.782"/>
  <testcase classname="com.compass.testcases.SP96_CMP13180" name="TC_04_verifyNavigationToDSReport" time="2.821"/>
  <testcase classname="com.compass.testcases.SP96_CMP13180" name="TC_05_generateDSReport" time="3.835"/>
  <testcase classname="com.compass.testcases.SP96_CMP13180" name="TC_06_verifyPageIcon" time="0.22"/>
</testsuite> <!-- SP96_CMP13180 -->
