<?xml version="1.0" encoding="UTF-8"?>
<!-- Generated by org.testng.reporters.JUnitXMLReporter -->
<testsuite ignored="0" hostname="Arun" failures="0" tests="3" name="SP97_CMP1531" time="72.675" errors="0" timestamp="2023-05-05T10:03:12 IST">
  <testcase classname="com.compass.testcases.SP97_CMP1531" name="TC_01_loginToStage" time="6.74"/>
  <testcase classname="com.compass.testcases.SP97_CMP1531" name="TC_02_VerifyNavigationtoBackpayanalysis" time="13.988"/>
  <testcase classname="com.compass.testcases.SP97_CMP1531" name="TC_03_validatenewlyaddedcolumns" time="50.371"/>
</testsuite> <!-- SP97_CMP1531 -->
