<?xml version="1.0" encoding="UTF-8"?>
<!-- Generated by org.testng.reporters.JUnitXMLReporter -->
<testsuite ignored="0" hostname="Arun" failures="0" tests="7" name="SP97_CMP1383" time="211.414" errors="0" timestamp="2023-05-05T09:57:56 IST">
  <testcase classname="com.compass.testcases.SP97_CMP1383" name="TC_01_loginToStage" time="4.952"/>
  <testcase classname="com.compass.testcases.SP97_CMP1383" name="TC_02_VerifyNavigationtopromotablecandidates" time="13.866"/>
  <testcase classname="com.compass.testcases.SP97_CMP1383" name="TC_03_VerifyOLPisenabled" time="0.373"/>
  <testcase classname="com.compass.testcases.SP97_CMP1383" name="TC_04_VerifyNavigationtopromotions" time="50.855"/>
  <testcase classname="com.compass.testcases.SP97_CMP1383" name="TC_05_VerifyNavigationtostagepopup" time="50.404"/>
  <testcase classname="com.compass.testcases.SP97_CMP1383" name="TC_06_VerifyNavigationtoseagullpopup" time="68.7"/>
  <testcase classname="com.compass.testcases.SP97_CMP1383" name="TC_07_VerifyNavigationtoseagullpopupovercrew" time="20.543"/>
</testsuite> <!-- SP97_CMP1383 -->
