<?xml version="1.0" encoding="UTF-8"?>
<!-- Generated by org.testng.reporters.JUnitXMLReporter -->
<testsuite ignored="0" hostname="Arun" failures="0" tests="6" name="SP98_CMP16280" time="19.313" errors="0" timestamp="2023-05-05T10:14:35 IST">
  <testcase classname="com.compass.testcases.SP98_CMP16280" name="loginToCompasStage" time="9.746"/>
  <testcase classname="com.compass.testcases.SP98_CMP16280" name="mapRecruitmentCampaign" time="7.797"/>
  <testcase classname="com.compass.testcases.SP98_CMP16280" name="verifyVisa" time="0.028"/>
  <testcase classname="com.compass.testcases.SP98_CMP16280" name="verifyVaccination" time="0.022"/>
  <testcase classname="com.compass.testcases.SP98_CMP16280" name="verifyPersonalDetails" time="0.029"/>
  <testcase classname="com.compass.testcases.SP98_CMP16280" name="approveCrew" time="0.027"/>
</testsuite> <!-- SP98_CMP16280 -->
