<?xml version="1.0" encoding="UTF-8"?>
<!-- Generated by org.testng.reporters.JUnitXMLReporter -->
<testsuite ignored="0" hostname="Arun" failures="0" tests="5" name="SP98_CMP15820" time="71.71" errors="0" timestamp="2023-05-05T10:13:09 IST">
  <testcase classname="com.compass.testcases.SP98_CMP15820" name="TC_01_LoginToStage" time="7.911"/>
  <testcase classname="com.compass.testcases.SP98_CMP15820" name="TC_02_crewOperation" time="23.952"/>
  <testcase classname="com.compass.testcases.SP98_CMP15820" name="TC_03_crewIDUpdateOperation" time="21.703"/>
  <testcase classname="com.compass.testcases.SP98_CMP15820" name="TC_04_ValidateTaxCode" time="13.367"/>
  <testcase classname="com.compass.testcases.SP98_CMP15820" name="TC_05_ValidateSandCofTaxCode" time="3.322"/>
</testsuite> <!-- SP98_CMP15820 -->
