<?xml version="1.0" encoding="UTF-8"?>
<!-- Generated by org.testng.reporters.JUnitXMLReporter -->
<testsuite ignored="0" hostname="Arun" failures="0" tests="22" name="SP98_CMP15883" time="32.97" errors="0" timestamp="2023-05-05T10:14:16 IST">
  <testcase classname="com.compass.testcases.SP98_CMP15883" name="loginToCrewAdmin" time="10.404"/>
  <testcase classname="com.compass.testcases.SP98_CMP15883" name="navigateToRecruitmentCampaignsTab" time="1.016"/>
  <testcase classname="com.compass.testcases.SP98_CMP15883" name="addRecruitmentCampaign" time="1.948"/>
  <testcase classname="com.compass.testcases.SP98_CMP15883" name="addRecruitmentCampaign" time="1.904"/>
  <testcase classname="com.compass.testcases.SP98_CMP15883" name="filterRecruitmentCampaign" time="0.978"/>
  <testcase classname="com.compass.testcases.SP98_CMP15883" name="filterRecruitmentCampaign" time="1.081"/>
  <testcase classname="com.compass.testcases.SP98_CMP15883" name="filterRecruitmentCampaign" time="0.801"/>
  <testcase classname="com.compass.testcases.SP98_CMP15883" name="filterRecruitmentCampaign" time="1.044"/>
  <testcase classname="com.compass.testcases.SP98_CMP15883" name="filterRecruitmentCampaign" time="0.855"/>
  <testcase classname="com.compass.testcases.SP98_CMP15883" name="filterRecruitmentCampaign" time="0.787"/>
  <testcase classname="com.compass.testcases.SP98_CMP15883" name="filterRecruitmentCampaign" time="0.892"/>
  <testcase classname="com.compass.testcases.SP98_CMP15883" name="filterRecruitmentCampaign" time="0.929"/>
  <testcase classname="com.compass.testcases.SP98_CMP15883" name="filterRecruitmentCampaign" time="1.058"/>
  <testcase classname="com.compass.testcases.SP98_CMP15883" name="filterRecruitmentCampaign" time="1.073"/>
  <testcase classname="com.compass.testcases.SP98_CMP15883" name="filterRecruitmentCampaign" time="0.836"/>
  <testcase classname="com.compass.testcases.SP98_CMP15883" name="filterRecruitmentCampaign" time="0.763"/>
  <testcase classname="com.compass.testcases.SP98_CMP15883" name="search" time="0.792"/>
  <testcase classname="com.compass.testcases.SP98_CMP15883" name="search" time="0.709"/>
  <testcase classname="com.compass.testcases.SP98_CMP15883" name="search" time="0.635"/>
  <testcase classname="com.compass.testcases.SP98_CMP15883" name="search" time="0.957"/>
  <testcase classname="com.compass.testcases.SP98_CMP15883" name="search" time="0.954"/>
  <testcase classname="com.compass.testcases.SP98_CMP15883" name="search" time="1.0"/>
</testsuite> <!-- SP98_CMP15883 -->
