<?xml version="1.0" encoding="UTF-8"?>
<!-- Generated by org.testng.reporters.JUnitXMLReporter -->
<testsuite ignored="0" hostname="BIPLP040" failures="0" tests="4" name="SP93_CMP942" time="41.255" errors="0" timestamp="2023-03-26T17:06:21 IST">
  <testcase classname="com.compass.testcases.SP93_CMP942" name="TC_01VerifyNavigationToCrewId" time="5.575"/>
  <testcase classname="com.compass.testcases.SP93_CMP942" name="TC_02VerifyWageMatrix" time="6.986"/>
  <testcase classname="com.compass.testcases.SP93_CMP942" name="TC_03VerifyWRHactivities" time="11.714"/>
  <testcase classname="com.compass.testcases.SP93_CMP942" name="TC_04VerifySavingActivity" time="2.09"/>
</testsuite> <!-- SP93_CMP942 -->
