<?xml version="1.0" encoding="UTF-8"?>
<!-- Generated by org.testng.reporters.JUnitXMLReporter -->
<testsuite ignored="0" hostname="BIPLP040" failures="0" tests="3" name="SP95_CMP14213" time="38.271" errors="0" timestamp="2023-03-26T17:03:42 IST">
  <testcase classname="com.compass.testcases.SP95_CMP14213" name="TC01_Navigate_Budget_List" time="4.055"/>
  <testcase classname="com.compass.testcases.SP95_CMP14213" name="TC02_Verify_Edit_Button" time="3.903"/>
  <testcase classname="com.compass.testcases.SP95_CMP14213" name="TC03_Add_Budget_Wage_Elements_OverTime" time="11.551"/>
</testsuite> <!-- SP95_CMP14213 -->
