<?xml version="1.0" encoding="UTF-8"?>
<!-- Generated by org.testng.reporters.JUnitXMLReporter -->
<testsuite ignored="0" hostname="BIPLP040" failures="0" tests="3" name="Test_SP94_CMP15238" time="21.832" errors="0" timestamp="2023-03-23T10:13:17 IST">
  <testcase classname="com.compass.testcases.SP94_CMP15238_Enhancementocrewcomplementtabandothers" name="TC01_Navigate_Budget_List" time="5.361"/>
  <testcase classname="com.compass.testcases.SP94_CMP15238_Enhancementocrewcomplementtabandothers" name="TC02_Verify_Edit_Button_Budget_List_Page" time="2.812"/>
  <testcase classname="com.compass.testcases.SP94_CMP15238_Enhancementocrewcomplementtabandothers" name="TC03_Verify_Label_Crew_Complement" time="9.751"/>
</testsuite> <!-- Test_SP94_CMP15238 -->
