<?xml version="1.0" encoding="UTF-8"?>
<!-- Generated by org.testng.reporters.JUnitXMLReporter -->
<testsuite ignored="0" hostname="LAPTOP-24ESH4RE" failures="0" tests="17" name="Test5" time="64.36" errors="0" timestamp="2023-06-01T23:05:28 IST">
  <testcase classname="com.compass.testcases.SP101_CMP17765" name="loginToStage" time="18.61"/>
  <testcase classname="com.compass.testcases.SP101_CMP17765" name="navigatetoAdministrativeFunctions" time="1.071"/>
  <testcase classname="com.compass.testcases.SP101_CMP17765" name="navigatetoLibraryConfiguration" time="2.216"/>
  <testcase classname="com.compass.testcases.SP101_CMP17765" name="navigatetoVesselContactsDDL" time="2.523"/>
  <testcase classname="com.compass.testcases.SP101_CMP17765" name="editVesselContactEmail" time="3.066"/>
  <testcase classname="com.compass.testcases.SP101_CMP17765" name="editVesselContactMobile" time="2.565"/>
  <testcase classname="com.compass.testcases.SP101_CMP17765" name="navigateToVesselPage" time="4.035"/>
  <testcase classname="com.compass.testcases.SP101_CMP17765" name="navigateToVesselsDetailsPage" time="1.647"/>
  <testcase classname="com.compass.testcases.SP101_CMP17765" name="addInfoPageEmail" time="9.101"/>
  <testcase classname="com.compass.testcases.SP101_CMP17765" name="addInfoPageMobile" time="9.357"/>
  <testcase classname="com.compass.testcases.SP101_CMP17765" name="validateEmailAdded" time="0.365"/>
  <testcase classname="com.compass.testcases.SP101_CMP17765" name="validateMobileAdded" time="0.434"/>
  <testcase classname="com.compass.testcases.SP101_CMP17765" name="navigatetoAdministrativeFunctions1" time="1.02"/>
  <testcase classname="com.compass.testcases.SP101_CMP17765" name="navigatetoCompassOnboard" time="8.045"/>
  <testcase classname="com.compass.testcases.SP101_CMP17765" name="navigateToOnboardCrewList" time="0.12"/>
  <testcase classname="com.compass.testcases.SP101_CMP17765" name="navigateToSelectCrewListType" time="0.03"/>
  <testcase classname="com.compass.testcases.SP101_CMP17765" name="navigateToExportExcel" time="0.021"/>
</testsuite> <!-- Test5 -->
