<?xml version="1.0" encoding="UTF-8"?>
<!-- Generated by org.testng.reporters.JUnitXMLReporter -->
<testsuite ignored="0" hostname="BIPLP040" failures="0" tests="3" name="Test_SP95_CMP14213" time="25.703" errors="0" timestamp="2023-03-23T10:10:49 IST">
  <testcase classname="com.compass.testcases.SP95_CMP14213_BudgetaddWageelementsOvertime" name="TC01_Navigate_Budget_List" time="3.614"/>
  <testcase classname="com.compass.testcases.SP95_CMP14213_BudgetaddWageelementsOvertime" name="TC02_Verify_Edit_Button" time="3.462"/>
  <testcase classname="com.compass.testcases.SP95_CMP14213_BudgetaddWageelementsOvertime" name="TC03_Add_Budget_Wage_Elements_OverTime" time="11.102"/>
</testsuite> <!-- Test_SP95_CMP14213 -->
