<?xml version="1.0" encoding="UTF-8"?>
<!-- Generated by org.testng.reporters.JUnitXMLReporter -->
<testsuite ignored="0" hostname="LAPTOP-24ESH4RE" failures="0" tests="17" name="Test11" time="21.696" errors="0" timestamp="2023-06-01T23:10:52 IST">
  <testcase classname="com.compass.testcases.SP101_CMP17765" name="loginToStage" time="19.445"/>
  <testcase classname="com.compass.testcases.SP101_CMP17765" name="navigatetoAdministrativeFunctions" time="1.539"/>
  <testcase classname="com.compass.testcases.SP101_CMP17765" name="navigatetoLibraryConfiguration" time="0.02"/>
  <testcase classname="com.compass.testcases.SP101_CMP17765" name="navigatetoVesselContactsDDL" time="0.029"/>
  <testcase classname="com.compass.testcases.SP101_CMP17765" name="editVesselContactEmail" time="0.026"/>
  <testcase classname="com.compass.testcases.SP101_CMP17765" name="editVesselContactMobile" time="0.025"/>
  <testcase classname="com.compass.testcases.SP101_CMP17765" name="navigateToVesselPage" time="0.031"/>
  <testcase classname="com.compass.testcases.SP101_CMP17765" name="navigateToVesselsDetailsPage" time="0.016"/>
  <testcase classname="com.compass.testcases.SP101_CMP17765" name="addInfoPageEmail" time="0.03"/>
  <testcase classname="com.compass.testcases.SP101_CMP17765" name="addInfoPageMobile" time="0.022"/>
  <testcase classname="com.compass.testcases.SP101_CMP17765" name="validateEmailAdded" time="0.017"/>
  <testcase classname="com.compass.testcases.SP101_CMP17765" name="validateMobileAdded" time="0.025"/>
  <testcase classname="com.compass.testcases.SP101_CMP17765" name="navigatetoAdministrativeFunctions1" time="0.049"/>
  <testcase classname="com.compass.testcases.SP101_CMP17765" name="navigatetoCompassOnboard" time="0.212"/>
  <testcase classname="com.compass.testcases.SP101_CMP17765" name="navigateToOnboardCrewList" time="0.044"/>
  <testcase classname="com.compass.testcases.SP101_CMP17765" name="navigateToSelectCrewListType" time="0.022"/>
  <testcase classname="com.compass.testcases.SP101_CMP17765" name="navigateToExportExcel" time="0.041"/>
</testsuite> <!-- Test11 -->
