<?xml version="1.0" encoding="UTF-8"?>
<!-- Generated by org.testng.reporters.JUnitXMLReporter -->
<testsuite ignored="0" hostname="BIPLP040" failures="1" tests="1" name="Test_SP94_CMP14305" time="59.608" errors="0" timestamp="2023-03-23T10:14:28 IST">
  <testcase classname="com.compass.testcases.CMP14305_CostMatrixCloning" name="Tc01_CostMatrixCloning" time="54.674">
    <failure type="java.lang.AssertionError" message="One or the other Budget cost element values are not matching expected values for Master expected [true] but found [false]">
      <![CDATA[java.lang.AssertionError: One or the other Budget cost element values are not matching expected values for Master expected [true] but found [false]
at com.compass.testcases.CMP14305_CostMatrixCloning.Tc01_CostMatrixCloning(CMP14305_CostMatrixCloning.java:141)
at java.base/java.util.ArrayList.forEach(ArrayList.java:1511)
... Removed 30 stack frames]]>
    </failure>
  </testcase> <!-- Tc01_CostMatrixCloning -->
</testsuite> <!-- Test_SP94_CMP14305 -->
