<?xml version="1.0" encoding="UTF-8"?>
<!-- Generated by org.testng.reporters.JUnitXMLReporter -->
<testsuite ignored="0" hostname="LAPTOP-24ESH4RE" failures="0" tests="17" name="Test6" time="61.562" errors="0" timestamp="2023-06-01T23:06:29 IST">
  <testcase classname="com.compass.testcases.SP101_CMP17765" name="loginToStage" time="14.896"/>
  <testcase classname="com.compass.testcases.SP101_CMP17765" name="navigatetoAdministrativeFunctions" time="1.28"/>
  <testcase classname="com.compass.testcases.SP101_CMP17765" name="navigatetoLibraryConfiguration" time="2.068"/>
  <testcase classname="com.compass.testcases.SP101_CMP17765" name="navigatetoVesselContactsDDL" time="2.392"/>
  <testcase classname="com.compass.testcases.SP101_CMP17765" name="editVesselContactEmail" time="2.997"/>
  <testcase classname="com.compass.testcases.SP101_CMP17765" name="editVesselContactMobile" time="2.859"/>
  <testcase classname="com.compass.testcases.SP101_CMP17765" name="navigateToVesselPage" time="3.235"/>
  <testcase classname="com.compass.testcases.SP101_CMP17765" name="navigateToVesselsDetailsPage" time="2.809"/>
  <testcase classname="com.compass.testcases.SP101_CMP17765" name="addInfoPageEmail" time="9.179"/>
  <testcase classname="com.compass.testcases.SP101_CMP17765" name="addInfoPageMobile" time="9.011"/>
  <testcase classname="com.compass.testcases.SP101_CMP17765" name="validateEmailAdded" time="0.482"/>
  <testcase classname="com.compass.testcases.SP101_CMP17765" name="validateMobileAdded" time="0.447"/>
  <testcase classname="com.compass.testcases.SP101_CMP17765" name="navigatetoAdministrativeFunctions1" time="1.151"/>
  <testcase classname="com.compass.testcases.SP101_CMP17765" name="navigatetoCompassOnboard" time="8.485"/>
  <testcase classname="com.compass.testcases.SP101_CMP17765" name="navigateToOnboardCrewList" time="0.098"/>
  <testcase classname="com.compass.testcases.SP101_CMP17765" name="navigateToSelectCrewListType" time="0.017"/>
  <testcase classname="com.compass.testcases.SP101_CMP17765" name="navigateToExportExcel" time="0.025"/>
</testsuite> <!-- Test6 -->
