<?xml version="1.0" encoding="UTF-8"?>
<!-- Generated by org.testng.reporters.JUnitXMLReporter -->
<testsuite ignored="0" hostname="DESKTOP-268PN8R" failures="0" tests="25" name="Personnel View" time="165.203" errors="0" timestamp="2023-08-14T14:56:24 IST">
  <testcase classname="com.olp.personnelview.OLP_R1_OLX_T1111" name="TC01_navigateToSearchForPersonnel" time="7.525"/>
  <testcase classname="com.olp.personnelview.OLP_R1_OLX_T1111" name="TC02_navigateToAdvanceSearch" time="1.157"/>
  <testcase classname="com.olp.personnelview.OLP_R1_OLX_T1111" name="TC04_validateClearButton" time="6.327"/>
  <testcase classname="com.olp.personnelview.OLP_R1_OLX_T1111" name="TC04_validateSearchButton" time="6.937"/>
  <testcase classname="com.olp.personnelview.OLP_R1_OLX_T1111" name="TC05_validateTraineePresentInResults" time="4.442"/>
  <testcase classname="com.olp.personnelview.OLP_R1_OLX_T1111" name="TC05_validateTraineePresentInResults" time="3.433"/>
  <testcase classname="com.olp.personnelview.OLP_R1_OLX_T1111" name="TC06_validateTraineeForRootGroup1InResults" time="12.981"/>
  <testcase classname="com.olp.personnelview.OLP_R1_OLX_T1111" name="TC06_validateTraineeForRootGroup1InResults" time="7.689"/>
  <testcase classname="com.olp.personnelview.OLP_R1_OLX_T1111" name="TC07_validateTraineeForRootGroup2InResults" time="13.699"/>
  <testcase classname="com.olp.personnelview.OLP_R1_OLX_T1111" name="TC07_validateTraineeForRootGroup2InResults" time="8.811"/>
  <testcase classname="com.olp.personnelview.OLP_R1_OLX_T1111" name="TC08_validateTraineeForAllRootGroupInResults" time="4.447"/>
  <testcase classname="com.olp.personnelview.OLP_R1_OLX_T1111" name="TC08_validateTraineeForAllRootGroupInResults" time="3.367"/>
  <testcase classname="com.olp.personnelview.OLP_R1_OLX_T1110" name="TC01_navigateToSearchForPersonnel" time="7.155"/>
  <testcase classname="com.olp.personnelview.OLP_R1_OLX_T1110" name="TC02_navigateToAdvanceSearch" time="1.147"/>
  <testcase classname="com.olp.personnelview.OLP_R1_OLX_T1110" name="TC03_SearchPendingProficiencies1" time="5.346"/>
  <testcase classname="com.olp.personnelview.OLP_R1_OLX_T1110" name="TC04_ValidatePendingProficiencies1" time="1.257"/>
  <testcase classname="com.olp.personnelview.OLP_R1_OLX_T1110" name="TC05_SearchPendingProficiencies2" time="4.238"/>
  <testcase classname="com.olp.personnelview.OLP_R1_OLX_T1110" name="TC06_ValidatePendingProficiencies2" time="2.488"/>
  <testcase classname="com.olp.personnelview.OLP_R1_OLX_T1110" name="TC07_SearchPendingProficiencies3" time="3.834"/>
  <testcase classname="com.olp.personnelview.OLP_R1_OLX_T1110" name="TC08_ValidatePendingProficiencies3" time="0.935"/>
  <testcase classname="com.olp.personnelview.OLP_R1_OLX_T1110" name="TC09_SearchPendingProficiencies4" time="4.203"/>
  <testcase classname="com.olp.personnelview.OLP_R1_OLX_T1110" name="TC10_ValidatePendingProficiencies4" time="1.337"/>
  <testcase classname="com.olp.personnelview.OLP_R1_OLX_T1110" name="TC11_SearchPendingProficiencies5" time="4.582"/>
  <testcase classname="com.olp.personnelview.OLP_R1_OLX_T1110" name="TC12_ValidatePendingProficiencies1" time="1.23"/>
  <testcase classname="com.olp.personnelview.OLP_R1_OLX_T1110" name="TC13_SearchPendingProficienciesWithNoResults" time="2.377"/>
</testsuite> <!-- Personnel View -->
