<?xml version="1.0" encoding="UTF-8"?>
<!-- Generated by org.testng.reporters.JUnitXMLReporter -->
<testsuite ignored="0" hostname="DESKTOP-268PN8R" failures="0" tests="7" name="PC_Lock/Unlock" time="80.157" errors="0" timestamp="2023-10-12T16:02:48 IST">
  <testcase classname="com.olp.p_card.OLP_R2_OLX_T23_65_66" name="tc01_NavigateToPersonalCardForTrainee" time="13.78"/>
  <testcase classname="com.olp.p_card.OLP_R2_OLX_T23_65_66" name="tc02_NavigateToLockAccountPopoup" time="4.341"/>
  <testcase classname="com.olp.p_card.OLP_R2_OLX_T23_65_66" name="tc03_NavigateToCancelButtonOfLockAccount" time="0.526"/>
  <testcase classname="com.olp.p_card.OLP_R2_OLX_T23_65_66" name="tc04_NavigateToLockAccountButtonOfLockAccount" time="5.065"/>
  <testcase classname="com.olp.p_card.OLP_R2_OLX_T23_65_66" name="tc05_NavigateToUnlockAccountPopup" time="4.097"/>
  <testcase classname="com.olp.p_card.OLP_R2_OLX_T23_65_66" name="tc06_NavigateToCancelButtonOfUnlockAccount" time="4.393"/>
  <testcase classname="com.olp.p_card.OLP_R2_OLX_T23_65_66" name="tc07_LoginToTrainee" time="5.833"/>
</testsuite> <!-- PC_Lock/Unlock -->
