<?xml version="1.0" encoding="UTF-8"?>
<!-- Generated by org.testng.reporters.JUnitXMLReporter -->
<testsuite ignored="0" hostname="DESKTOP-268PN8R" failures="0" tests="28" name="PC_Security Access To Others" time="404.213" errors="0" timestamp="2023-10-12T16:09:59 IST">
  <testcase classname="com.olp.p_card.OLP_R2_OLX_T109PCardEditEnable" name="TC01_navigateToPersonalCardTrainee" time="11.979"/>
  <testcase classname="com.olp.p_card.OLP_R2_OLX_T109PCardEditEnable" name="TC02_ValidateExternalIDLabelTrainee" time="0.514"/>
  <testcase classname="com.olp.p_card.OLP_R2_OLX_T109PCardEditEnable" name="TC03_navigateToPersonalCardAssessor" time="11.066"/>
  <testcase classname="com.olp.p_card.OLP_R2_OLX_T109PCardEditEnable" name="TC04_ValidateExternalIDLabelAssessor" time="0.573"/>
  <testcase classname="com.olp.p_card.OLP_R2_OLX_T114PCardEditEnable" name="TC01_navigateToPersonalCard" time="10.059"/>
  <testcase classname="com.olp.p_card.OLP_R2_OLX_T114PCardEditEnable" name="TC02_ValidateFirstAndSurNameEditable" time="0.526"/>
  <testcase classname="com.olp.p_card.OLP_R2_OLX_T122PCardEditEnable" name="TC01_navigateToPersonalCard" time="9.295"/>
  <testcase classname="com.olp.p_card.OLP_R2_OLX_T122PCardEditEnable" name="TC02_ValidateGenderEditable" time="0.697"/>
  <testcase classname="com.olp.p_card.OLP_R2_OLX_T126PCardEditEnable" name="TC01_navigateToPersonalCard" time="9.063"/>
  <testcase classname="com.olp.p_card.OLP_R2_OLX_T126PCardEditEnable" name="TC02_ValidateNationalityEditable" time="0.415"/>
  <testcase classname="com.olp.p_card.OLP_R2_OLX_T130PCardEditEnable" name="TC01_navigateToPersonalCard" time="8.87"/>
  <testcase classname="com.olp.p_card.OLP_R2_OLX_T130PCardEditEnable" name="TC02_ValidatePOBEditable" time="0.479"/>
  <testcase classname="com.olp.p_card.OLP_R2_OLX_T136PCardEditEnable" name="TC01_navigateToPersonalCard" time="11.474"/>
  <testcase classname="com.olp.p_card.OLP_R2_OLX_T136PCardEditEnable" name="TC02_ValidateDocumentNumberEditable" time="0.615"/>
  <testcase classname="com.olp.p_card.OLP_R2_OLX_T142PCardEditEnable" name="TC01_navigateToPersonalCard" time="9.747"/>
  <testcase classname="com.olp.p_card.OLP_R2_OLX_T142PCardEditEnable" name="TC02_ValidateManagedByNeverEditable" time="0.402"/>
  <testcase classname="com.olp.p_card.OLP_R2_OLX_T159PCardEditEnable" name="TC01_navigateToPersonalCard" time="9.32"/>
  <testcase classname="com.olp.p_card.OLP_R2_OLX_T159PCardEditEnable" name="TC02_ValidateAutoScheduleStartEditable" time="1.035"/>
  <testcase classname="com.olp.p_card.OLP_R2_OLX_T164PCardEditEnable" name="TC01_navigateToPersonalCard" time="9.325"/>
  <testcase classname="com.olp.p_card.OLP_R2_OLX_T164PCardEditEnable" name="TC02_ValidatePersonnelPoolEditable" time="0.459"/>
  <testcase classname="com.olp.p_card.OLP_R2_OLX_T168PCardEditEnable" name="TC01_navigateToPersonalCard" time="9.341"/>
  <testcase classname="com.olp.p_card.OLP_R2_OLX_T168PCardEditEnable" name="TC02_ValidateRankComboEditable" time="0.698"/>
  <testcase classname="com.olp.p_card.OLP_R2_OLX_T174PCardEditEnable" name="TC01_navigateToPersonalCard" time="9.244"/>
  <testcase classname="com.olp.p_card.OLP_R2_OLX_T174PCardEditEnable" name="TC02_ValidateInstallationTypeComboEditable" time="0.61"/>
  <testcase classname="com.olp.p_card.OLP_R2_OLX_T182PCardEditEnable" name="TC01_navigateToPersonalCard" time="22.139"/>
  <testcase classname="com.olp.p_card.OLP_R2_OLX_T182PCardEditEnable" name="TC02_ValidateDefaultInstallationComboEditable" time="0.699"/>
  <testcase classname="com.olp.p_card.OLP_R2_OLX_T294PCardEditEnable" name="TC01_navigateToPersonalCard" time="9.224"/>
  <testcase classname="com.olp.p_card.OLP_R2_OLX_T294PCardEditEnable" name="TC02_ValidateE_mailAddressEditable" time="0.714"/>
</testsuite> <!-- PC_Security Access To Others -->
