<?xml version="1.0" encoding="UTF-8"?>
<testng-results ignored="0" total="26" passed="25" failed="1" skipped="0">
  <reporter-output>
  </reporter-output>
  <suite started-at="2024-05-22T15:13:12 IST" name="Scrum Team 2" finished-at="2024-05-22T15:16:05 IST" duration-ms="173278">
    <groups>
    </groups>
    <test started-at="2024-05-22T15:13:12 IST" name="Sprint 3" finished-at="2024-05-22T15:16:05 IST" duration-ms="173278">
      <class name="t2s3.T2S3_OAP2031">
        <test-method is-config="true" signature="extentReportConfig()[pri:0, instance:t2s3.T2S3_OAP2031@20d7d6fb]" started-at="2024-05-22T15:13:12 IST" name="extentReportConfig" finished-at="2024-05-22T15:13:12 IST" duration-ms="2" status="PASS">
          <reporter-output>
          </reporter-output>
        </test-method> <!-- extentReportConfig -->
        <test-method is-config="true" signature="configSetUp()[pri:0, instance:t2s3.T2S3_OAP2031@20d7d6fb]" started-at="2024-05-22T15:13:12 IST" name="configSetUp" finished-at="2024-05-22T15:13:12 IST" duration-ms="1" status="PASS">
          <reporter-output>
          </reporter-output>
        </test-method> <!-- configSetUp -->
        <test-method is-config="true" signature="stageApplicationSetUp()[pri:0, instance:t2s3.T2S3_OAP2031@20d7d6fb]" started-at="2024-05-22T15:13:12 IST" name="stageApplicationSetUp" finished-at="2024-05-22T15:13:23 IST" duration-ms="10537" status="PASS">
          <reporter-output>
          </reporter-output>
        </test-method> <!-- stageApplicationSetUp -->
        <test-method is-config="true" signature="setup(java.lang.reflect.Method)[pri:0, instance:t2s3.T2S3_OAP2031@20d7d6fb]" started-at="2024-05-22T15:13:23 IST" name="setup" finished-at="2024-05-22T15:13:23 IST" duration-ms="5" status="PASS">
          <params>
            <param index="0">
              <value>
                <![CDATA[public void t2s3.T2S3_OAP2031.TC01_LaunchAssessmentPlatform() throws java.io.IOException,java.lang.InterruptedException]]>
              </value>
            </param>
          </params>
          <reporter-output>
          </reporter-output>
        </test-method> <!-- setup -->
        <test-method signature="TC01_LaunchAssessmentPlatform()[pri:1, instance:t2s3.T2S3_OAP2031@20d7d6fb]" started-at="2024-05-22T15:13:23 IST" name="TC01_LaunchAssessmentPlatform" finished-at="2024-05-22T15:13:26 IST" duration-ms="3497" status="PASS">
          <reporter-output>
          </reporter-output>
        </test-method> <!-- TC01_LaunchAssessmentPlatform -->
        <test-method is-config="true" signature="teardown(org.testng.ITestResult)[pri:0, instance:t2s3.T2S3_OAP2031@20d7d6fb]" started-at="2024-05-22T15:13:26 IST" name="teardown" finished-at="2024-05-22T15:13:26 IST" duration-ms="154" status="PASS">
          <params>
            <param index="0">
              <value>
                <![CDATA[[TestResult name=TC01_LaunchAssessmentPlatform status=SUCCESS method=T2S3_OAP2031.TC01_LaunchAssessmentPlatform()[pri:1, instance:t2s3.T2S3_OAP2031@20d7d6fb] output={null}]]]>
              </value>
            </param>
          </params>
          <reporter-output>
          </reporter-output>
        </test-method> <!-- teardown -->
        <test-method is-config="true" signature="setup(java.lang.reflect.Method)[pri:0, instance:t2s3.T2S3_OAP2031@20d7d6fb]" started-at="2024-05-22T15:13:26 IST" name="setup" finished-at="2024-05-22T15:13:26 IST" duration-ms="1" status="PASS">
          <params>
            <param index="0">
              <value>
                <![CDATA[public void t2s3.T2S3_OAP2031.TC02_NavigateToNewAssessment() throws java.io.IOException,java.lang.InterruptedException]]>
              </value>
            </param>
          </params>
          <reporter-output>
          </reporter-output>
        </test-method> <!-- setup -->
        <test-method signature="TC02_NavigateToNewAssessment()[pri:2, instance:t2s3.T2S3_OAP2031@20d7d6fb]" started-at="2024-05-22T15:13:26 IST" name="TC02_NavigateToNewAssessment" finished-at="2024-05-22T15:13:28 IST" duration-ms="1437" status="PASS">
          <reporter-output>
          </reporter-output>
        </test-method> <!-- TC02_NavigateToNewAssessment -->
        <test-method is-config="true" signature="teardown(org.testng.ITestResult)[pri:0, instance:t2s3.T2S3_OAP2031@20d7d6fb]" started-at="2024-05-22T15:13:28 IST" name="teardown" finished-at="2024-05-22T15:13:28 IST" duration-ms="188" status="PASS">
          <params>
            <param index="0">
              <value>
                <![CDATA[[TestResult name=TC02_NavigateToNewAssessment status=SUCCESS method=T2S3_OAP2031.TC02_NavigateToNewAssessment()[pri:2, instance:t2s3.T2S3_OAP2031@20d7d6fb] output={null}]]]>
              </value>
            </param>
          </params>
          <reporter-output>
          </reporter-output>
        </test-method> <!-- teardown -->
        <test-method is-config="true" signature="setup(java.lang.reflect.Method)[pri:0, instance:t2s3.T2S3_OAP2031@20d7d6fb]" started-at="2024-05-22T15:13:28 IST" name="setup" finished-at="2024-05-22T15:13:28 IST" duration-ms="0" status="PASS">
          <params>
            <param index="0">
              <value>
                <![CDATA[public void t2s3.T2S3_OAP2031.TC03_ValidatePublishButtonBeforeFilling() throws java.io.IOException,java.lang.InterruptedException]]>
              </value>
            </param>
          </params>
          <reporter-output>
          </reporter-output>
        </test-method> <!-- setup -->
        <test-method signature="TC03_ValidatePublishButtonBeforeFilling()[pri:3, instance:t2s3.T2S3_OAP2031@20d7d6fb]" started-at="2024-05-22T15:13:28 IST" name="TC03_ValidatePublishButtonBeforeFilling" finished-at="2024-05-22T15:13:29 IST" duration-ms="826" status="PASS">
          <reporter-output>
          </reporter-output>
        </test-method> <!-- TC03_ValidatePublishButtonBeforeFilling -->
        <test-method is-config="true" signature="teardown(org.testng.ITestResult)[pri:0, instance:t2s3.T2S3_OAP2031@20d7d6fb]" started-at="2024-05-22T15:13:29 IST" name="teardown" finished-at="2024-05-22T15:13:29 IST" duration-ms="164" status="PASS">
          <params>
            <param index="0">
              <value>
                <![CDATA[[TestResult name=TC03_ValidatePublishButtonBeforeFilling status=SUCCESS method=T2S3_OAP2031.TC03_ValidatePublishButtonBeforeFilling()[pri:3, instance:t2s3.T2S3_OAP2031@20d7d6fb] output={null}]]]>
              </value>
            </param>
          </params>
          <reporter-output>
          </reporter-output>
        </test-method> <!-- teardown -->
        <test-method is-config="true" signature="setup(java.lang.reflect.Method)[pri:0, instance:t2s3.T2S3_OAP2031@20d7d6fb]" started-at="2024-05-22T15:13:29 IST" name="setup" finished-at="2024-05-22T15:13:29 IST" duration-ms="0" status="PASS">
          <params>
            <param index="0">
              <value>
                <![CDATA[public void t2s3.T2S3_OAP2031.TC04_FillMadndatoryFields() throws java.io.IOException,java.lang.InterruptedException]]>
              </value>
            </param>
          </params>
          <reporter-output>
          </reporter-output>
        </test-method> <!-- setup -->
        <test-method signature="TC04_FillMadndatoryFields()[pri:4, instance:t2s3.T2S3_OAP2031@20d7d6fb]" started-at="2024-05-22T15:13:29 IST" name="TC04_FillMadndatoryFields" finished-at="2024-05-22T15:13:44 IST" duration-ms="14761" status="PASS">
          <reporter-output>
          </reporter-output>
        </test-method> <!-- TC04_FillMadndatoryFields -->
        <test-method is-config="true" signature="teardown(org.testng.ITestResult)[pri:0, instance:t2s3.T2S3_OAP2031@20d7d6fb]" started-at="2024-05-22T15:13:44 IST" name="teardown" finished-at="2024-05-22T15:13:44 IST" duration-ms="151" status="PASS">
          <params>
            <param index="0">
              <value>
                <![CDATA[[TestResult name=TC04_FillMadndatoryFields status=SUCCESS method=T2S3_OAP2031.TC04_FillMadndatoryFields()[pri:4, instance:t2s3.T2S3_OAP2031@20d7d6fb] output={null}]]]>
              </value>
            </param>
          </params>
          <reporter-output>
          </reporter-output>
        </test-method> <!-- teardown -->
        <test-method is-config="true" signature="setup(java.lang.reflect.Method)[pri:0, instance:t2s3.T2S3_OAP2031@20d7d6fb]" started-at="2024-05-22T15:13:44 IST" name="setup" finished-at="2024-05-22T15:13:44 IST" duration-ms="0" status="PASS">
          <params>
            <param index="0">
              <value>
                <![CDATA[public void t2s3.T2S3_OAP2031.TC05_ValidatePublishButtonAfterFilling() throws java.io.IOException,java.lang.InterruptedException]]>
              </value>
            </param>
          </params>
          <reporter-output>
          </reporter-output>
        </test-method> <!-- setup -->
        <test-method signature="TC05_ValidatePublishButtonAfterFilling()[pri:5, instance:t2s3.T2S3_OAP2031@20d7d6fb]" started-at="2024-05-22T15:13:44 IST" name="TC05_ValidatePublishButtonAfterFilling" finished-at="2024-05-22T15:13:45 IST" duration-ms="985" status="PASS">
          <reporter-output>
          </reporter-output>
        </test-method> <!-- TC05_ValidatePublishButtonAfterFilling -->
        <test-method is-config="true" signature="teardown(org.testng.ITestResult)[pri:0, instance:t2s3.T2S3_OAP2031@20d7d6fb]" started-at="2024-05-22T15:13:45 IST" name="teardown" finished-at="2024-05-22T15:13:45 IST" duration-ms="132" status="PASS">
          <params>
            <param index="0">
              <value>
                <![CDATA[[TestResult name=TC05_ValidatePublishButtonAfterFilling status=SUCCESS method=T2S3_OAP2031.TC05_ValidatePublishButtonAfterFilling()[pri:5, instance:t2s3.T2S3_OAP2031@20d7d6fb] output={null}]]]>
              </value>
            </param>
          </params>
          <reporter-output>
          </reporter-output>
        </test-method> <!-- teardown -->
        <test-method is-config="true" signature="closeDriver()[pri:0, instance:t2s3.T2S3_OAP2031@20d7d6fb]" started-at="2024-05-22T15:16:05 IST" name="closeDriver" finished-at="2024-05-22T15:16:05 IST" duration-ms="249" status="PASS">
          <reporter-output>
          </reporter-output>
        </test-method> <!-- closeDriver -->
        <test-method is-config="true" signature="tearDown()[pri:0, instance:t2s3.T2S3_OAP2031@20d7d6fb]" started-at="2024-05-22T15:16:06 IST" name="tearDown" finished-at="2024-05-22T15:16:07 IST" duration-ms="468" status="PASS">
          <reporter-output>
          </reporter-output>
        </test-method> <!-- tearDown -->
      </class> <!-- t2s3.T2S3_OAP2031 -->
      <class name="t2s3.T2S3_OAP2009">
        <test-method is-config="true" signature="extentReportConfig()[pri:0, instance:t2s3.T2S3_OAP2009@62833051]" started-at="2024-05-22T15:13:12 IST" name="extentReportConfig" finished-at="2024-05-22T15:13:12 IST" duration-ms="5" status="PASS">
          <reporter-output>
          </reporter-output>
        </test-method> <!-- extentReportConfig -->
        <test-method is-config="true" signature="configSetUp()[pri:0, instance:t2s3.T2S3_OAP2009@62833051]" started-at="2024-05-22T15:13:12 IST" name="configSetUp" finished-at="2024-05-22T15:13:12 IST" duration-ms="2" status="PASS">
          <reporter-output>
          </reporter-output>
        </test-method> <!-- configSetUp -->
        <test-method is-config="true" signature="stageApplicationSetUp()[pri:0, instance:t2s3.T2S3_OAP2009@62833051]" started-at="2024-05-22T15:15:29 IST" name="stageApplicationSetUp" finished-at="2024-05-22T15:15:38 IST" duration-ms="9210" status="PASS">
          <reporter-output>
          </reporter-output>
        </test-method> <!-- stageApplicationSetUp -->
        <test-method is-config="true" signature="setup(java.lang.reflect.Method)[pri:0, instance:t2s3.T2S3_OAP2009@62833051]" started-at="2024-05-22T15:15:38 IST" name="setup" finished-at="2024-05-22T15:15:38 IST" duration-ms="1" status="PASS">
          <params>
            <param index="0">
              <value>
                <![CDATA[public void t2s3.T2S3_OAP2009.TC01_LaunchAssessmentPlatform() throws java.io.IOException,java.lang.InterruptedException]]>
              </value>
            </param>
          </params>
          <reporter-output>
          </reporter-output>
        </test-method> <!-- setup -->
        <test-method signature="TC01_LaunchAssessmentPlatform()[pri:1, instance:t2s3.T2S3_OAP2009@62833051]" started-at="2024-05-22T15:15:38 IST" name="TC01_LaunchAssessmentPlatform" finished-at="2024-05-22T15:15:44 IST" duration-ms="5482" status="PASS">
          <reporter-output>
          </reporter-output>
        </test-method> <!-- TC01_LaunchAssessmentPlatform -->
        <test-method is-config="true" signature="teardown(org.testng.ITestResult)[pri:0, instance:t2s3.T2S3_OAP2009@62833051]" started-at="2024-05-22T15:15:44 IST" name="teardown" finished-at="2024-05-22T15:15:44 IST" duration-ms="162" status="PASS">
          <params>
            <param index="0">
              <value>
                <![CDATA[[TestResult name=TC01_LaunchAssessmentPlatform status=SUCCESS method=T2S3_OAP2009.TC01_LaunchAssessmentPlatform()[pri:1, instance:t2s3.T2S3_OAP2009@62833051] output={null}]]]>
              </value>
            </param>
          </params>
          <reporter-output>
          </reporter-output>
        </test-method> <!-- teardown -->
        <test-method is-config="true" signature="setup(java.lang.reflect.Method)[pri:0, instance:t2s3.T2S3_OAP2009@62833051]" started-at="2024-05-22T15:15:44 IST" name="setup" finished-at="2024-05-22T15:15:44 IST" duration-ms="0" status="PASS">
          <params>
            <param index="0">
              <value>
                <![CDATA[public void t2s3.T2S3_OAP2009.TC02_NavigateToQuestionBankPage() throws java.io.IOException,java.lang.InterruptedException]]>
              </value>
            </param>
          </params>
          <reporter-output>
          </reporter-output>
        </test-method> <!-- setup -->
        <test-method signature="TC02_NavigateToQuestionBankPage()[pri:2, instance:t2s3.T2S3_OAP2009@62833051]" started-at="2024-05-22T15:15:44 IST" name="TC02_NavigateToQuestionBankPage" finished-at="2024-05-22T15:15:51 IST" duration-ms="6888" status="PASS">
          <reporter-output>
          </reporter-output>
        </test-method> <!-- TC02_NavigateToQuestionBankPage -->
        <test-method is-config="true" signature="teardown(org.testng.ITestResult)[pri:0, instance:t2s3.T2S3_OAP2009@62833051]" started-at="2024-05-22T15:15:51 IST" name="teardown" finished-at="2024-05-22T15:15:51 IST" duration-ms="166" status="PASS">
          <params>
            <param index="0">
              <value>
                <![CDATA[[TestResult name=TC02_NavigateToQuestionBankPage status=SUCCESS method=T2S3_OAP2009.TC02_NavigateToQuestionBankPage()[pri:2, instance:t2s3.T2S3_OAP2009@62833051] output={null}]]]>
              </value>
            </param>
          </params>
          <reporter-output>
          </reporter-output>
        </test-method> <!-- teardown -->
        <test-method is-config="true" signature="setup(java.lang.reflect.Method)[pri:0, instance:t2s3.T2S3_OAP2009@62833051]" started-at="2024-05-22T15:15:51 IST" name="setup" finished-at="2024-05-22T15:15:51 IST" duration-ms="1" status="PASS">
          <params>
            <param index="0">
              <value>
                <![CDATA[public void t2s3.T2S3_OAP2009.TC03_ValidateSearchQuestionBank() throws java.io.IOException,java.lang.InterruptedException]]>
              </value>
            </param>
          </params>
          <reporter-output>
          </reporter-output>
        </test-method> <!-- setup -->
        <test-method signature="TC03_ValidateSearchQuestionBank()[pri:3, instance:t2s3.T2S3_OAP2009@62833051]" started-at="2024-05-22T15:15:51 IST" name="TC03_ValidateSearchQuestionBank" finished-at="2024-05-22T15:15:54 IST" duration-ms="3675" status="PASS">
          <reporter-output>
          </reporter-output>
        </test-method> <!-- TC03_ValidateSearchQuestionBank -->
        <test-method is-config="true" signature="teardown(org.testng.ITestResult)[pri:0, instance:t2s3.T2S3_OAP2009@62833051]" started-at="2024-05-22T15:15:54 IST" name="teardown" finished-at="2024-05-22T15:15:55 IST" duration-ms="132" status="PASS">
          <params>
            <param index="0">
              <value>
                <![CDATA[[TestResult name=TC03_ValidateSearchQuestionBank status=SUCCESS method=T2S3_OAP2009.TC03_ValidateSearchQuestionBank()[pri:3, instance:t2s3.T2S3_OAP2009@62833051] output={null}]]]>
              </value>
            </param>
          </params>
          <reporter-output>
          </reporter-output>
        </test-method> <!-- teardown -->
        <test-method is-config="true" signature="setup(java.lang.reflect.Method)[pri:0, instance:t2s3.T2S3_OAP2009@62833051]" started-at="2024-05-22T15:15:55 IST" name="setup" finished-at="2024-05-22T15:15:55 IST" duration-ms="0" status="PASS">
          <params>
            <param index="0">
              <value>
                <![CDATA[public void t2s3.T2S3_OAP2009.TC04_NavigateToEditPublishedQuestionBank() throws java.io.IOException,java.lang.InterruptedException]]>
              </value>
            </param>
          </params>
          <reporter-output>
          </reporter-output>
        </test-method> <!-- setup -->
        <test-method signature="TC04_NavigateToEditPublishedQuestionBank()[pri:4, instance:t2s3.T2S3_OAP2009@62833051]" started-at="2024-05-22T15:15:55 IST" name="TC04_NavigateToEditPublishedQuestionBank" finished-at="2024-05-22T15:16:04 IST" duration-ms="9070" status="PASS">
          <reporter-output>
          </reporter-output>
        </test-method> <!-- TC04_NavigateToEditPublishedQuestionBank -->
        <test-method is-config="true" signature="teardown(org.testng.ITestResult)[pri:0, instance:t2s3.T2S3_OAP2009@62833051]" started-at="2024-05-22T15:16:04 IST" name="teardown" finished-at="2024-05-22T15:16:04 IST" duration-ms="144" status="PASS">
          <params>
            <param index="0">
              <value>
                <![CDATA[[TestResult name=TC04_NavigateToEditPublishedQuestionBank status=SUCCESS method=T2S3_OAP2009.TC04_NavigateToEditPublishedQuestionBank()[pri:4, instance:t2s3.T2S3_OAP2009@62833051] output={null}]]]>
              </value>
            </param>
          </params>
          <reporter-output>
          </reporter-output>
        </test-method> <!-- teardown -->
        <test-method is-config="true" signature="setup(java.lang.reflect.Method)[pri:0, instance:t2s3.T2S3_OAP2009@62833051]" started-at="2024-05-22T15:16:04 IST" name="setup" finished-at="2024-05-22T15:16:04 IST" duration-ms="1" status="PASS">
          <params>
            <param index="0">
              <value>
                <![CDATA[public void t2s3.T2S3_OAP2009.TC05_ValidateArchiveButtonColor() throws java.io.IOException,java.lang.InterruptedException]]>
              </value>
            </param>
          </params>
          <reporter-output>
          </reporter-output>
        </test-method> <!-- setup -->
        <test-method signature="TC05_ValidateArchiveButtonColor()[pri:5, instance:t2s3.T2S3_OAP2009@62833051]" started-at="2024-05-22T15:16:04 IST" name="TC05_ValidateArchiveButtonColor" finished-at="2024-05-22T15:16:04 IST" duration-ms="581" status="FAIL">
          <exception class="java.lang.AssertionError">
            <message>
              <![CDATA[Test failed: expected [1] but found [0]]]>
            </message>
            <full-stacktrace>
              <![CDATA[java.lang.AssertionError: Test failed: expected [1] but found [0]
at t2s3.T2S3_OAP2009.TC05_ValidateArchiveButtonColor(T2S3_OAP2009.java:227)
at java.base/jdk.internal.reflect.NativeMethodAccessorImpl.invoke0(Native Method)
at java.base/jdk.internal.reflect.NativeMethodAccessorImpl.invoke(NativeMethodAccessorImpl.java:77)
at java.base/jdk.internal.reflect.DelegatingMethodAccessorImpl.invoke(DelegatingMethodAccessorImpl.java:43)
at java.base/java.lang.reflect.Method.invoke(Method.java:568)
at org.testng.internal.MethodInvocationHelper.invokeMethod(MethodInvocationHelper.java:133)
at org.testng.internal.TestInvoker.invokeMethod(TestInvoker.java:598)
at org.testng.internal.TestInvoker.invokeTestMethod(TestInvoker.java:173)
at org.testng.internal.MethodRunner.runInSequence(MethodRunner.java:46)
at org.testng.internal.TestInvoker$MethodInvocationAgent.invoke(TestInvoker.java:824)
at org.testng.internal.TestInvoker.invokeTestMethods(TestInvoker.java:146)
at org.testng.internal.TestMethodWorker.invokeTestMethods(TestMethodWorker.java:146)
at org.testng.internal.TestMethodWorker.run(TestMethodWorker.java:128)
at java.base/java.util.ArrayList.forEach(ArrayList.java:1511)
at org.testng.TestRunner.privateRun(TestRunner.java:794)
at org.testng.TestRunner.run(TestRunner.java:596)
at org.testng.SuiteRunner.runTest(SuiteRunner.java:377)
at org.testng.SuiteRunner.runSequentially(SuiteRunner.java:371)
at org.testng.SuiteRunner.privateRun(SuiteRunner.java:332)
at org.testng.SuiteRunner.run(SuiteRunner.java:276)
at org.testng.SuiteRunnerWorker.runSuite(SuiteRunnerWorker.java:53)
at org.testng.SuiteRunnerWorker.run(SuiteRunnerWorker.java:96)
at org.testng.TestNG.runSuitesSequentially(TestNG.java:1212)
at org.testng.TestNG.runSuitesLocally(TestNG.java:1134)
at org.testng.TestNG.runSuites(TestNG.java:1063)
at org.testng.TestNG.run(TestNG.java:1031)
at org.testng.remote.AbstractRemoteTestNG.run(AbstractRemoteTestNG.java:115)
at org.testng.remote.RemoteTestNG.initAndRun(RemoteTestNG.java:251)
at org.testng.remote.RemoteTestNG.main(RemoteTestNG.java:77)
]]>
            </full-stacktrace>
          </exception> <!-- java.lang.AssertionError -->
          <reporter-output>
          </reporter-output>
        </test-method> <!-- TC05_ValidateArchiveButtonColor -->
        <test-method is-config="true" signature="teardown(org.testng.ITestResult)[pri:0, instance:t2s3.T2S3_OAP2009@62833051]" started-at="2024-05-22T15:16:05 IST" name="teardown" finished-at="2024-05-22T15:16:05 IST" duration-ms="231" status="PASS">
          <params>
            <param index="0">
              <value>
                <![CDATA[[TestResult name=TC05_ValidateArchiveButtonColor status=FAILURE method=T2S3_OAP2009.TC05_ValidateArchiveButtonColor()[pri:5, instance:t2s3.T2S3_OAP2009@62833051] output={null}]]]>
              </value>
            </param>
          </params>
          <reporter-output>
          </reporter-output>
        </test-method> <!-- teardown -->
        <test-method is-config="true" signature="closeDriver()[pri:0, instance:t2s3.T2S3_OAP2009@62833051]" started-at="2024-05-22T15:16:05 IST" name="closeDriver" finished-at="2024-05-22T15:16:05 IST" duration-ms="259" status="PASS">
          <reporter-output>
          </reporter-output>
        </test-method> <!-- closeDriver -->
        <test-method is-config="true" signature="tearDown()[pri:0, instance:t2s3.T2S3_OAP2009@62833051]" started-at="2024-05-22T15:16:06 IST" name="tearDown" finished-at="2024-05-22T15:16:06 IST" duration-ms="360" status="PASS">
          <reporter-output>
          </reporter-output>
        </test-method> <!-- tearDown -->
      </class> <!-- t2s3.T2S3_OAP2009 -->
      <class name="t2s3.T2S3_OAP2050">
        <test-method is-config="true" signature="extentReportConfig()[pri:0, instance:t2s3.T2S3_OAP2050@420a85c4]" started-at="2024-05-22T15:13:12 IST" name="extentReportConfig" finished-at="2024-05-22T15:13:12 IST" duration-ms="3" status="PASS">
          <reporter-output>
          </reporter-output>
        </test-method> <!-- extentReportConfig -->
        <test-method is-config="true" signature="configSetUp()[pri:0, instance:t2s3.T2S3_OAP2050@420a85c4]" started-at="2024-05-22T15:13:12 IST" name="configSetUp" finished-at="2024-05-22T15:13:12 IST" duration-ms="1" status="PASS">
          <reporter-output>
          </reporter-output>
        </test-method> <!-- configSetUp -->
        <test-method is-config="true" signature="stageApplicationSetUp()[pri:0, instance:t2s3.T2S3_OAP2050@420a85c4]" started-at="2024-05-22T15:13:45 IST" name="stageApplicationSetUp" finished-at="2024-05-22T15:13:56 IST" duration-ms="10642" status="PASS">
          <reporter-output>
          </reporter-output>
        </test-method> <!-- stageApplicationSetUp -->
        <test-method is-config="true" signature="setup(java.lang.reflect.Method)[pri:0, instance:t2s3.T2S3_OAP2050@420a85c4]" started-at="2024-05-22T15:13:56 IST" name="setup" finished-at="2024-05-22T15:13:56 IST" duration-ms="1" status="PASS">
          <params>
            <param index="0">
              <value>
                <![CDATA[public void t2s3.T2S3_OAP2050.TC01_LaunchAssessmentPlatform() throws java.io.IOException,java.lang.InterruptedException]]>
              </value>
            </param>
          </params>
          <reporter-output>
          </reporter-output>
        </test-method> <!-- setup -->
        <test-method signature="TC01_LaunchAssessmentPlatform()[pri:1, instance:t2s3.T2S3_OAP2050@420a85c4]" started-at="2024-05-22T15:13:56 IST" name="TC01_LaunchAssessmentPlatform" finished-at="2024-05-22T15:14:01 IST" duration-ms="5418" status="PASS">
          <reporter-output>
          </reporter-output>
        </test-method> <!-- TC01_LaunchAssessmentPlatform -->
        <test-method is-config="true" signature="teardown(org.testng.ITestResult)[pri:0, instance:t2s3.T2S3_OAP2050@420a85c4]" started-at="2024-05-22T15:14:01 IST" name="teardown" finished-at="2024-05-22T15:14:01 IST" duration-ms="184" status="PASS">
          <params>
            <param index="0">
              <value>
                <![CDATA[[TestResult name=TC01_LaunchAssessmentPlatform status=SUCCESS method=T2S3_OAP2050.TC01_LaunchAssessmentPlatform()[pri:1, instance:t2s3.T2S3_OAP2050@420a85c4] output={null}]]]>
              </value>
            </param>
          </params>
          <reporter-output>
          </reporter-output>
        </test-method> <!-- teardown -->
        <test-method is-config="true" signature="setup(java.lang.reflect.Method)[pri:0, instance:t2s3.T2S3_OAP2050@420a85c4]" started-at="2024-05-22T15:14:01 IST" name="setup" finished-at="2024-05-22T15:14:01 IST" duration-ms="1" status="PASS">
          <params>
            <param index="0">
              <value>
                <![CDATA[public void t2s3.T2S3_OAP2050.TC02_NavigateToQuestionBankPage() throws java.io.IOException,java.lang.InterruptedException]]>
              </value>
            </param>
          </params>
          <reporter-output>
          </reporter-output>
        </test-method> <!-- setup -->
        <test-method signature="TC02_NavigateToQuestionBankPage()[pri:2, instance:t2s3.T2S3_OAP2050@420a85c4]" started-at="2024-05-22T15:14:01 IST" name="TC02_NavigateToQuestionBankPage" finished-at="2024-05-22T15:14:08 IST" duration-ms="6842" status="PASS">
          <reporter-output>
          </reporter-output>
        </test-method> <!-- TC02_NavigateToQuestionBankPage -->
        <test-method is-config="true" signature="teardown(org.testng.ITestResult)[pri:0, instance:t2s3.T2S3_OAP2050@420a85c4]" started-at="2024-05-22T15:14:08 IST" name="teardown" finished-at="2024-05-22T15:14:08 IST" duration-ms="141" status="PASS">
          <params>
            <param index="0">
              <value>
                <![CDATA[[TestResult name=TC02_NavigateToQuestionBankPage status=SUCCESS method=T2S3_OAP2050.TC02_NavigateToQuestionBankPage()[pri:2, instance:t2s3.T2S3_OAP2050@420a85c4] output={null}]]]>
              </value>
            </param>
          </params>
          <reporter-output>
          </reporter-output>
        </test-method> <!-- teardown -->
        <test-method is-config="true" signature="setup(java.lang.reflect.Method)[pri:0, instance:t2s3.T2S3_OAP2050@420a85c4]" started-at="2024-05-22T15:14:08 IST" name="setup" finished-at="2024-05-22T15:14:08 IST" duration-ms="1" status="PASS">
          <params>
            <param index="0">
              <value>
                <![CDATA[public void t2s3.T2S3_OAP2050.TC03_NavigateToNewQuestionBankPage() throws java.io.IOException,java.lang.InterruptedException]]>
              </value>
            </param>
          </params>
          <reporter-output>
          </reporter-output>
        </test-method> <!-- setup -->
        <test-method signature="TC03_NavigateToNewQuestionBankPage()[pri:3, instance:t2s3.T2S3_OAP2050@420a85c4]" started-at="2024-05-22T15:14:08 IST" name="TC03_NavigateToNewQuestionBankPage" finished-at="2024-05-22T15:14:15 IST" duration-ms="7124" status="PASS">
          <reporter-output>
          </reporter-output>
        </test-method> <!-- TC03_NavigateToNewQuestionBankPage -->
        <test-method is-config="true" signature="teardown(org.testng.ITestResult)[pri:0, instance:t2s3.T2S3_OAP2050@420a85c4]" started-at="2024-05-22T15:14:15 IST" name="teardown" finished-at="2024-05-22T15:14:16 IST" duration-ms="160" status="PASS">
          <params>
            <param index="0">
              <value>
                <![CDATA[[TestResult name=TC03_NavigateToNewQuestionBankPage status=SUCCESS method=T2S3_OAP2050.TC03_NavigateToNewQuestionBankPage()[pri:3, instance:t2s3.T2S3_OAP2050@420a85c4] output={null}]]]>
              </value>
            </param>
          </params>
          <reporter-output>
          </reporter-output>
        </test-method> <!-- teardown -->
        <test-method is-config="true" signature="setup(java.lang.reflect.Method)[pri:0, instance:t2s3.T2S3_OAP2050@420a85c4]" started-at="2024-05-22T15:14:16 IST" name="setup" finished-at="2024-05-22T15:14:16 IST" duration-ms="0" status="PASS">
          <params>
            <param index="0">
              <value>
                <![CDATA[public void t2s3.T2S3_OAP2050.TC04_NavigateToAddMCQPage() throws java.io.IOException,java.lang.InterruptedException]]>
              </value>
            </param>
          </params>
          <reporter-output>
          </reporter-output>
        </test-method> <!-- setup -->
        <test-method signature="TC04_NavigateToAddMCQPage()[pri:4, instance:t2s3.T2S3_OAP2050@420a85c4]" started-at="2024-05-22T15:14:16 IST" name="TC04_NavigateToAddMCQPage" finished-at="2024-05-22T15:14:21 IST" duration-ms="5349" status="PASS">
          <reporter-output>
          </reporter-output>
        </test-method> <!-- TC04_NavigateToAddMCQPage -->
        <test-method is-config="true" signature="teardown(org.testng.ITestResult)[pri:0, instance:t2s3.T2S3_OAP2050@420a85c4]" started-at="2024-05-22T15:14:21 IST" name="teardown" finished-at="2024-05-22T15:14:21 IST" duration-ms="137" status="PASS">
          <params>
            <param index="0">
              <value>
                <![CDATA[[TestResult name=TC04_NavigateToAddMCQPage status=SUCCESS method=T2S3_OAP2050.TC04_NavigateToAddMCQPage()[pri:4, instance:t2s3.T2S3_OAP2050@420a85c4] output={null}]]]>
              </value>
            </param>
          </params>
          <reporter-output>
          </reporter-output>
        </test-method> <!-- teardown -->
        <test-method is-config="true" signature="setup(java.lang.reflect.Method)[pri:0, instance:t2s3.T2S3_OAP2050@420a85c4]" started-at="2024-05-22T15:14:21 IST" name="setup" finished-at="2024-05-22T15:14:21 IST" duration-ms="0" status="PASS">
          <params>
            <param index="0">
              <value>
                <![CDATA[public void t2s3.T2S3_OAP2050.TC05_ValidatePublishButtonMCQEnabled() throws java.io.IOException,java.lang.InterruptedException]]>
              </value>
            </param>
          </params>
          <reporter-output>
          </reporter-output>
        </test-method> <!-- setup -->
        <test-method signature="TC05_ValidatePublishButtonMCQEnabled()[pri:5, instance:t2s3.T2S3_OAP2050@420a85c4]" started-at="2024-05-22T15:14:21 IST" name="TC05_ValidatePublishButtonMCQEnabled" finished-at="2024-05-22T15:14:28 IST" duration-ms="6838" status="PASS">
          <reporter-output>
          </reporter-output>
        </test-method> <!-- TC05_ValidatePublishButtonMCQEnabled -->
        <test-method is-config="true" signature="teardown(org.testng.ITestResult)[pri:0, instance:t2s3.T2S3_OAP2050@420a85c4]" started-at="2024-05-22T15:14:28 IST" name="teardown" finished-at="2024-05-22T15:14:28 IST" duration-ms="156" status="PASS">
          <params>
            <param index="0">
              <value>
                <![CDATA[[TestResult name=TC05_ValidatePublishButtonMCQEnabled status=SUCCESS method=T2S3_OAP2050.TC05_ValidatePublishButtonMCQEnabled()[pri:5, instance:t2s3.T2S3_OAP2050@420a85c4] output={null}]]]>
              </value>
            </param>
          </params>
          <reporter-output>
          </reporter-output>
        </test-method> <!-- teardown -->
        <test-method is-config="true" signature="setup(java.lang.reflect.Method)[pri:0, instance:t2s3.T2S3_OAP2050@420a85c4]" started-at="2024-05-22T15:14:28 IST" name="setup" finished-at="2024-05-22T15:14:28 IST" duration-ms="1" status="PASS">
          <params>
            <param index="0">
              <value>
                <![CDATA[public void t2s3.T2S3_OAP2050.TC06_VadlidatePublishMCQ() throws java.io.IOException,java.lang.InterruptedException]]>
              </value>
            </param>
          </params>
          <reporter-output>
          </reporter-output>
        </test-method> <!-- setup -->
        <test-method signature="TC06_VadlidatePublishMCQ()[pri:6, instance:t2s3.T2S3_OAP2050@420a85c4]" started-at="2024-05-22T15:14:28 IST" name="TC06_VadlidatePublishMCQ" finished-at="2024-05-22T15:14:33 IST" duration-ms="4614" status="PASS">
          <reporter-output>
          </reporter-output>
        </test-method> <!-- TC06_VadlidatePublishMCQ -->
        <test-method is-config="true" signature="teardown(org.testng.ITestResult)[pri:0, instance:t2s3.T2S3_OAP2050@420a85c4]" started-at="2024-05-22T15:14:33 IST" name="teardown" finished-at="2024-05-22T15:14:33 IST" duration-ms="145" status="PASS">
          <params>
            <param index="0">
              <value>
                <![CDATA[[TestResult name=TC06_VadlidatePublishMCQ status=SUCCESS method=T2S3_OAP2050.TC06_VadlidatePublishMCQ()[pri:6, instance:t2s3.T2S3_OAP2050@420a85c4] output={null}]]]>
              </value>
            </param>
          </params>
          <reporter-output>
          </reporter-output>
        </test-method> <!-- teardown -->
        <test-method is-config="true" signature="setup(java.lang.reflect.Method)[pri:0, instance:t2s3.T2S3_OAP2050@420a85c4]" started-at="2024-05-22T15:14:33 IST" name="setup" finished-at="2024-05-22T15:14:33 IST" duration-ms="1" status="PASS">
          <params>
            <param index="0">
              <value>
                <![CDATA[public void t2s3.T2S3_OAP2050.TC07_NavigateToEditQuestion() throws java.io.IOException,java.lang.InterruptedException]]>
              </value>
            </param>
          </params>
          <reporter-output>
          </reporter-output>
        </test-method> <!-- setup -->
        <test-method signature="TC07_NavigateToEditQuestion()[pri:7, instance:t2s3.T2S3_OAP2050@420a85c4]" started-at="2024-05-22T15:14:33 IST" name="TC07_NavigateToEditQuestion" finished-at="2024-05-22T15:14:37 IST" duration-ms="3828" status="PASS">
          <reporter-output>
          </reporter-output>
        </test-method> <!-- TC07_NavigateToEditQuestion -->
        <test-method is-config="true" signature="teardown(org.testng.ITestResult)[pri:0, instance:t2s3.T2S3_OAP2050@420a85c4]" started-at="2024-05-22T15:14:37 IST" name="teardown" finished-at="2024-05-22T15:14:37 IST" duration-ms="146" status="PASS">
          <params>
            <param index="0">
              <value>
                <![CDATA[[TestResult name=TC07_NavigateToEditQuestion status=SUCCESS method=T2S3_OAP2050.TC07_NavigateToEditQuestion()[pri:7, instance:t2s3.T2S3_OAP2050@420a85c4] output={null}]]]>
              </value>
            </param>
          </params>
          <reporter-output>
          </reporter-output>
        </test-method> <!-- teardown -->
        <test-method is-config="true" signature="setup(java.lang.reflect.Method)[pri:0, instance:t2s3.T2S3_OAP2050@420a85c4]" started-at="2024-05-22T15:14:37 IST" name="setup" finished-at="2024-05-22T15:14:37 IST" duration-ms="1" status="PASS">
          <params>
            <param index="0">
              <value>
                <![CDATA[public void t2s3.T2S3_OAP2050.TC08_ValidateEditEnablesSave_Publish() throws java.io.IOException,java.lang.InterruptedException]]>
              </value>
            </param>
          </params>
          <reporter-output>
          </reporter-output>
        </test-method> <!-- setup -->
        <test-method signature="TC08_ValidateEditEnablesSave_Publish()[pri:8, instance:t2s3.T2S3_OAP2050@420a85c4]" started-at="2024-05-22T15:14:37 IST" name="TC08_ValidateEditEnablesSave_Publish" finished-at="2024-05-22T15:14:39 IST" duration-ms="1834" status="PASS">
          <reporter-output>
          </reporter-output>
        </test-method> <!-- TC08_ValidateEditEnablesSave_Publish -->
        <test-method is-config="true" signature="teardown(org.testng.ITestResult)[pri:0, instance:t2s3.T2S3_OAP2050@420a85c4]" started-at="2024-05-22T15:14:39 IST" name="teardown" finished-at="2024-05-22T15:14:39 IST" duration-ms="153" status="PASS">
          <params>
            <param index="0">
              <value>
                <![CDATA[[TestResult name=TC08_ValidateEditEnablesSave_Publish status=SUCCESS method=T2S3_OAP2050.TC08_ValidateEditEnablesSave_Publish()[pri:8, instance:t2s3.T2S3_OAP2050@420a85c4] output={null}]]]>
              </value>
            </param>
          </params>
          <reporter-output>
          </reporter-output>
        </test-method> <!-- teardown -->
        <test-method is-config="true" signature="closeDriver()[pri:0, instance:t2s3.T2S3_OAP2050@420a85c4]" started-at="2024-05-22T15:14:39 IST" name="closeDriver" finished-at="2024-05-22T15:14:39 IST" duration-ms="180" status="PASS">
          <reporter-output>
          </reporter-output>
        </test-method> <!-- closeDriver -->
        <test-method is-config="true" signature="tearDown()[pri:0, instance:t2s3.T2S3_OAP2050@420a85c4]" started-at="2024-05-22T15:16:07 IST" name="tearDown" finished-at="2024-05-22T15:16:07 IST" duration-ms="442" status="PASS">
          <reporter-output>
          </reporter-output>
        </test-method> <!-- tearDown -->
      </class> <!-- t2s3.T2S3_OAP2050 -->
      <class name="t2s3.T2S3_OAP1797">
        <test-method is-config="true" signature="extentReportConfig()[pri:0, instance:t2s3.T2S3_OAP1797@1c39680d]" started-at="2024-05-22T15:13:12 IST" name="extentReportConfig" finished-at="2024-05-22T15:13:12 IST" duration-ms="361" status="PASS">
          <reporter-output>
          </reporter-output>
        </test-method> <!-- extentReportConfig -->
        <test-method is-config="true" signature="configSetUp()[pri:0, instance:t2s3.T2S3_OAP1797@1c39680d]" started-at="2024-05-22T15:13:12 IST" name="configSetUp" finished-at="2024-05-22T15:13:12 IST" duration-ms="2" status="PASS">
          <reporter-output>
          </reporter-output>
        </test-method> <!-- configSetUp -->
        <test-method is-config="true" signature="stageApplicationSetUp()[pri:0, instance:t2s3.T2S3_OAP1797@1c39680d]" started-at="2024-05-22T15:14:39 IST" name="stageApplicationSetUp" finished-at="2024-05-22T15:14:48 IST" duration-ms="9096" status="PASS">
          <reporter-output>
          </reporter-output>
        </test-method> <!-- stageApplicationSetUp -->
        <test-method is-config="true" signature="setup(java.lang.reflect.Method)[pri:0, instance:t2s3.T2S3_OAP1797@1c39680d]" started-at="2024-05-22T15:14:48 IST" name="setup" finished-at="2024-05-22T15:14:48 IST" duration-ms="1" status="PASS">
          <params>
            <param index="0">
              <value>
                <![CDATA[public void t2s3.T2S3_OAP1797.TC01_LaunchAssessmentPlatform() throws java.io.IOException,java.lang.InterruptedException]]>
              </value>
            </param>
          </params>
          <reporter-output>
          </reporter-output>
        </test-method> <!-- setup -->
        <test-method signature="TC01_LaunchAssessmentPlatform()[pri:1, instance:t2s3.T2S3_OAP1797@1c39680d]" started-at="2024-05-22T15:14:48 IST" name="TC01_LaunchAssessmentPlatform" finished-at="2024-05-22T15:14:54 IST" duration-ms="5410" status="PASS">
          <reporter-output>
          </reporter-output>
        </test-method> <!-- TC01_LaunchAssessmentPlatform -->
        <test-method is-config="true" signature="teardown(org.testng.ITestResult)[pri:0, instance:t2s3.T2S3_OAP1797@1c39680d]" started-at="2024-05-22T15:14:54 IST" name="teardown" finished-at="2024-05-22T15:14:54 IST" duration-ms="136" status="PASS">
          <params>
            <param index="0">
              <value>
                <![CDATA[[TestResult name=TC01_LaunchAssessmentPlatform status=SUCCESS method=T2S3_OAP1797.TC01_LaunchAssessmentPlatform()[pri:1, instance:t2s3.T2S3_OAP1797@1c39680d] output={null}]]]>
              </value>
            </param>
          </params>
          <reporter-output>
          </reporter-output>
        </test-method> <!-- teardown -->
        <test-method is-config="true" signature="setup(java.lang.reflect.Method)[pri:0, instance:t2s3.T2S3_OAP1797@1c39680d]" started-at="2024-05-22T15:14:54 IST" name="setup" finished-at="2024-05-22T15:14:54 IST" duration-ms="0" status="PASS">
          <params>
            <param index="0">
              <value>
                <![CDATA[public void t2s3.T2S3_OAP1797.TC02_NavigateToQuestionBankPage() throws java.io.IOException,java.lang.InterruptedException]]>
              </value>
            </param>
          </params>
          <reporter-output>
          </reporter-output>
        </test-method> <!-- setup -->
        <test-method signature="TC02_NavigateToQuestionBankPage()[pri:2, instance:t2s3.T2S3_OAP1797@1c39680d]" started-at="2024-05-22T15:14:54 IST" name="TC02_NavigateToQuestionBankPage" finished-at="2024-05-22T15:15:01 IST" duration-ms="6826" status="PASS">
          <reporter-output>
          </reporter-output>
        </test-method> <!-- TC02_NavigateToQuestionBankPage -->
        <test-method is-config="true" signature="teardown(org.testng.ITestResult)[pri:0, instance:t2s3.T2S3_OAP1797@1c39680d]" started-at="2024-05-22T15:15:01 IST" name="teardown" finished-at="2024-05-22T15:15:01 IST" duration-ms="157" status="PASS">
          <params>
            <param index="0">
              <value>
                <![CDATA[[TestResult name=TC02_NavigateToQuestionBankPage status=SUCCESS method=T2S3_OAP1797.TC02_NavigateToQuestionBankPage()[pri:2, instance:t2s3.T2S3_OAP1797@1c39680d] output={null}]]]>
              </value>
            </param>
          </params>
          <reporter-output>
          </reporter-output>
        </test-method> <!-- teardown -->
        <test-method is-config="true" signature="setup(java.lang.reflect.Method)[pri:0, instance:t2s3.T2S3_OAP1797@1c39680d]" started-at="2024-05-22T15:15:01 IST" name="setup" finished-at="2024-05-22T15:15:01 IST" duration-ms="1" status="PASS">
          <params>
            <param index="0">
              <value>
                <![CDATA[public void t2s3.T2S3_OAP1797.TC03_NavigateToNewQuestionBankPage() throws java.io.IOException,java.lang.InterruptedException]]>
              </value>
            </param>
          </params>
          <reporter-output>
          </reporter-output>
        </test-method> <!-- setup -->
        <test-method signature="TC03_NavigateToNewQuestionBankPage()[pri:3, instance:t2s3.T2S3_OAP1797@1c39680d]" started-at="2024-05-22T15:15:01 IST" name="TC03_NavigateToNewQuestionBankPage" finished-at="2024-05-22T15:15:08 IST" duration-ms="7130" status="PASS">
          <reporter-output>
          </reporter-output>
        </test-method> <!-- TC03_NavigateToNewQuestionBankPage -->
        <test-method is-config="true" signature="teardown(org.testng.ITestResult)[pri:0, instance:t2s3.T2S3_OAP1797@1c39680d]" started-at="2024-05-22T15:15:08 IST" name="teardown" finished-at="2024-05-22T15:15:08 IST" duration-ms="243" status="PASS">
          <params>
            <param index="0">
              <value>
                <![CDATA[[TestResult name=TC03_NavigateToNewQuestionBankPage status=SUCCESS method=T2S3_OAP1797.TC03_NavigateToNewQuestionBankPage()[pri:3, instance:t2s3.T2S3_OAP1797@1c39680d] output={null}]]]>
              </value>
            </param>
          </params>
          <reporter-output>
          </reporter-output>
        </test-method> <!-- teardown -->
        <test-method is-config="true" signature="setup(java.lang.reflect.Method)[pri:0, instance:t2s3.T2S3_OAP1797@1c39680d]" started-at="2024-05-22T15:15:08 IST" name="setup" finished-at="2024-05-22T15:15:08 IST" duration-ms="1" status="PASS">
          <params>
            <param index="0">
              <value>
                <![CDATA[public void t2s3.T2S3_OAP1797.TC04_NavigateToAddMCQPage() throws java.io.IOException,java.lang.InterruptedException]]>
              </value>
            </param>
          </params>
          <reporter-output>
          </reporter-output>
        </test-method> <!-- setup -->
        <test-method signature="TC04_NavigateToAddMCQPage()[pri:4, instance:t2s3.T2S3_OAP1797@1c39680d]" started-at="2024-05-22T15:15:08 IST" name="TC04_NavigateToAddMCQPage" finished-at="2024-05-22T15:15:09 IST" duration-ms="1197" status="PASS">
          <reporter-output>
          </reporter-output>
        </test-method> <!-- TC04_NavigateToAddMCQPage -->
        <test-method is-config="true" signature="teardown(org.testng.ITestResult)[pri:0, instance:t2s3.T2S3_OAP1797@1c39680d]" started-at="2024-05-22T15:15:09 IST" name="teardown" finished-at="2024-05-22T15:15:10 IST" duration-ms="146" status="PASS">
          <params>
            <param index="0">
              <value>
                <![CDATA[[TestResult name=TC04_NavigateToAddMCQPage status=SUCCESS method=T2S3_OAP1797.TC04_NavigateToAddMCQPage()[pri:4, instance:t2s3.T2S3_OAP1797@1c39680d] output={null}]]]>
              </value>
            </param>
          </params>
          <reporter-output>
          </reporter-output>
        </test-method> <!-- teardown -->
        <test-method is-config="true" signature="setup(java.lang.reflect.Method)[pri:0, instance:t2s3.T2S3_OAP1797@1c39680d]" started-at="2024-05-22T15:15:10 IST" name="setup" finished-at="2024-05-22T15:15:10 IST" duration-ms="0" status="PASS">
          <params>
            <param index="0">
              <value>
                <![CDATA[public void t2s3.T2S3_OAP1797.TC05_ValidateAddAlternativeQuestionDisabled() throws java.io.IOException,java.lang.InterruptedException]]>
              </value>
            </param>
          </params>
          <reporter-output>
          </reporter-output>
        </test-method> <!-- setup -->
        <test-method signature="TC05_ValidateAddAlternativeQuestionDisabled()[pri:5, instance:t2s3.T2S3_OAP1797@1c39680d]" started-at="2024-05-22T15:15:10 IST" name="TC05_ValidateAddAlternativeQuestionDisabled" finished-at="2024-05-22T15:15:17 IST" duration-ms="7365" status="PASS">
          <reporter-output>
          </reporter-output>
        </test-method> <!-- TC05_ValidateAddAlternativeQuestionDisabled -->
        <test-method is-config="true" signature="teardown(org.testng.ITestResult)[pri:0, instance:t2s3.T2S3_OAP1797@1c39680d]" started-at="2024-05-22T15:15:17 IST" name="teardown" finished-at="2024-05-22T15:15:17 IST" duration-ms="140" status="PASS">
          <params>
            <param index="0">
              <value>
                <![CDATA[[TestResult name=TC05_ValidateAddAlternativeQuestionDisabled status=SUCCESS method=T2S3_OAP1797.TC05_ValidateAddAlternativeQuestionDisabled()[pri:5, instance:t2s3.T2S3_OAP1797@1c39680d] output={null}]]]>
              </value>
            </param>
          </params>
          <reporter-output>
          </reporter-output>
        </test-method> <!-- teardown -->
        <test-method is-config="true" signature="setup(java.lang.reflect.Method)[pri:0, instance:t2s3.T2S3_OAP1797@1c39680d]" started-at="2024-05-22T15:15:17 IST" name="setup" finished-at="2024-05-22T15:15:17 IST" duration-ms="1" status="PASS">
          <params>
            <param index="0">
              <value>
                <![CDATA[public void t2s3.T2S3_OAP1797.TC06_VadlidatePublishMCQ() throws java.io.IOException,java.lang.InterruptedException]]>
              </value>
            </param>
          </params>
          <reporter-output>
          </reporter-output>
        </test-method> <!-- setup -->
        <test-method signature="TC06_VadlidatePublishMCQ()[pri:6, instance:t2s3.T2S3_OAP1797@1c39680d]" started-at="2024-05-22T15:15:17 IST" name="TC06_VadlidatePublishMCQ" finished-at="2024-05-22T15:15:22 IST" duration-ms="4836" status="PASS">
          <reporter-output>
          </reporter-output>
        </test-method> <!-- TC06_VadlidatePublishMCQ -->
        <test-method is-config="true" signature="teardown(org.testng.ITestResult)[pri:0, instance:t2s3.T2S3_OAP1797@1c39680d]" started-at="2024-05-22T15:15:22 IST" name="teardown" finished-at="2024-05-22T15:15:22 IST" duration-ms="150" status="PASS">
          <params>
            <param index="0">
              <value>
                <![CDATA[[TestResult name=TC06_VadlidatePublishMCQ status=SUCCESS method=T2S3_OAP1797.TC06_VadlidatePublishMCQ()[pri:6, instance:t2s3.T2S3_OAP1797@1c39680d] output={null}]]]>
              </value>
            </param>
          </params>
          <reporter-output>
          </reporter-output>
        </test-method> <!-- teardown -->
        <test-method is-config="true" signature="setup(java.lang.reflect.Method)[pri:0, instance:t2s3.T2S3_OAP1797@1c39680d]" started-at="2024-05-22T15:15:22 IST" name="setup" finished-at="2024-05-22T15:15:22 IST" duration-ms="1" status="PASS">
          <params>
            <param index="0">
              <value>
                <![CDATA[public void t2s3.T2S3_OAP1797.TC07_NavigateToEditQuestion() throws java.io.IOException,java.lang.InterruptedException]]>
              </value>
            </param>
          </params>
          <reporter-output>
          </reporter-output>
        </test-method> <!-- setup -->
        <test-method signature="TC07_NavigateToEditQuestion()[pri:7, instance:t2s3.T2S3_OAP1797@1c39680d]" started-at="2024-05-22T15:15:22 IST" name="TC07_NavigateToEditQuestion" finished-at="2024-05-22T15:15:28 IST" duration-ms="5849" status="PASS">
          <reporter-output>
          </reporter-output>
        </test-method> <!-- TC07_NavigateToEditQuestion -->
        <test-method is-config="true" signature="teardown(org.testng.ITestResult)[pri:0, instance:t2s3.T2S3_OAP1797@1c39680d]" started-at="2024-05-22T15:15:28 IST" name="teardown" finished-at="2024-05-22T15:15:28 IST" duration-ms="137" status="PASS">
          <params>
            <param index="0">
              <value>
                <![CDATA[[TestResult name=TC07_NavigateToEditQuestion status=SUCCESS method=T2S3_OAP1797.TC07_NavigateToEditQuestion()[pri:7, instance:t2s3.T2S3_OAP1797@1c39680d] output={null}]]]>
              </value>
            </param>
          </params>
          <reporter-output>
          </reporter-output>
        </test-method> <!-- teardown -->
        <test-method is-config="true" signature="setup(java.lang.reflect.Method)[pri:0, instance:t2s3.T2S3_OAP1797@1c39680d]" started-at="2024-05-22T15:15:28 IST" name="setup" finished-at="2024-05-22T15:15:28 IST" duration-ms="0" status="PASS">
          <params>
            <param index="0">
              <value>
                <![CDATA[public void t2s3.T2S3_OAP1797.TC08_Validate2AlternativeQuestions() throws java.io.IOException,java.lang.InterruptedException]]>
              </value>
            </param>
          </params>
          <reporter-output>
          </reporter-output>
        </test-method> <!-- setup -->
        <test-method signature="TC08_Validate2AlternativeQuestions()[pri:8, instance:t2s3.T2S3_OAP1797@1c39680d]" started-at="2024-05-22T15:15:28 IST" name="TC08_Validate2AlternativeQuestions" finished-at="2024-05-22T15:15:28 IST" duration-ms="450" status="PASS">
          <reporter-output>
          </reporter-output>
        </test-method> <!-- TC08_Validate2AlternativeQuestions -->
        <test-method is-config="true" signature="teardown(org.testng.ITestResult)[pri:0, instance:t2s3.T2S3_OAP1797@1c39680d]" started-at="2024-05-22T15:15:28 IST" name="teardown" finished-at="2024-05-22T15:15:29 IST" duration-ms="147" status="PASS">
          <params>
            <param index="0">
              <value>
                <![CDATA[[TestResult name=TC08_Validate2AlternativeQuestions status=SUCCESS method=T2S3_OAP1797.TC08_Validate2AlternativeQuestions()[pri:8, instance:t2s3.T2S3_OAP1797@1c39680d] output={null}]]]>
              </value>
            </param>
          </params>
          <reporter-output>
          </reporter-output>
        </test-method> <!-- teardown -->
        <test-method is-config="true" signature="closeDriver()[pri:0, instance:t2s3.T2S3_OAP1797@1c39680d]" started-at="2024-05-22T15:15:29 IST" name="closeDriver" finished-at="2024-05-22T15:15:29 IST" duration-ms="244" status="PASS">
          <reporter-output>
          </reporter-output>
        </test-method> <!-- closeDriver -->
        <test-method is-config="true" signature="tearDown()[pri:0, instance:t2s3.T2S3_OAP1797@1c39680d]" started-at="2024-05-22T15:16:05 IST" name="tearDown" finished-at="2024-05-22T15:16:06 IST" duration-ms="818" status="PASS">
          <reporter-output>
          </reporter-output>
        </test-method> <!-- tearDown -->
      </class> <!-- t2s3.T2S3_OAP1797 -->
    </test> <!-- Sprint 3 -->
  </suite> <!-- Scrum Team 2 -->
</testng-results>
